                                                                                             Wednesday, May 25, 2022 08:42:47 AM   1

                                                         The FREQ Procedure

                                     Age/sex groupings - Dietary Reference Intakes (DRIs) - (D)
 
                                                                                  Cumulative    Cumulative
                                                 drig    Frequency     Percent     Frequency      Percent
                         ƒƒƒƒƒƒƒƒƒƒƒƒƒƒƒƒƒƒƒƒƒƒƒƒƒƒƒƒƒƒƒƒƒƒƒƒƒƒƒƒƒƒƒƒƒƒƒƒƒƒƒƒƒƒƒƒƒƒƒƒƒƒƒƒƒƒƒƒƒƒƒƒƒƒƒƒƒƒƒƒƒ
                         2 TO 3 YEARS                        1419       15.34          1419        15.34  
                         4 TO 8 YEARS                        1755       18.97          3174        34.31  
                         MALE, 9 TO 13 YEARS                 1584       17.12          4758        51.44  
                         FEMALE, 9 TO 13 YEARS               1506       16.28          6264        67.72  
                         MALE, 14 TO 18 YEARS                1425       15.41          7689        83.12  
                         FEMALE, 14 TO 18 YEARS              1561       16.88          9250       100.00  


                                                     Table of drig by agec_2to3

                                            drig(Age/sex groupings - Dietary Reference Intakes (DRIs) - (D))
                                                              agec_2to3

                                            Frequency        ‚
                                            Percent          ‚
                                            Row Pct          ‚
                                            Col Pct          ‚       0‚       1‚  Total
                                            ƒƒƒƒƒƒƒƒƒƒƒƒƒƒƒƒƒˆƒƒƒƒƒƒƒƒˆƒƒƒƒƒƒƒƒˆ
                                            2 TO 3 YEARS     ‚      0 ‚   1419 ‚   1419
                                                             ‚   0.00 ‚  15.34 ‚  15.34
                                                             ‚   0.00 ‚ 100.00 ‚
                                                             ‚   0.00 ‚ 100.00 ‚
                                            ƒƒƒƒƒƒƒƒƒƒƒƒƒƒƒƒƒˆƒƒƒƒƒƒƒƒˆƒƒƒƒƒƒƒƒˆ
                                            4 TO 8 YEARS     ‚   1755 ‚      0 ‚   1755
                                                             ‚  18.97 ‚   0.00 ‚  18.97
                                                             ‚ 100.00 ‚   0.00 ‚
                                                             ‚  22.41 ‚   0.00 ‚
                                            ƒƒƒƒƒƒƒƒƒƒƒƒƒƒƒƒƒˆƒƒƒƒƒƒƒƒˆƒƒƒƒƒƒƒƒˆ
                                            MALE, 9 TO 13 YE ‚   1584 ‚      0 ‚   1584
                                            ARS              ‚  17.12 ‚   0.00 ‚  17.12
                                                             ‚ 100.00 ‚   0.00 ‚
                                                             ‚  20.23 ‚   0.00 ‚
                                            ƒƒƒƒƒƒƒƒƒƒƒƒƒƒƒƒƒˆƒƒƒƒƒƒƒƒˆƒƒƒƒƒƒƒƒˆ
                                            FEMALE, 9 TO 13  ‚   1506 ‚      0 ‚   1506
                                            YEARS            ‚  16.28 ‚   0.00 ‚  16.28
                                                             ‚ 100.00 ‚   0.00 ‚
                                                             ‚  19.23 ‚   0.00 ‚
                                            ƒƒƒƒƒƒƒƒƒƒƒƒƒƒƒƒƒˆƒƒƒƒƒƒƒƒˆƒƒƒƒƒƒƒƒˆ
                                            MALE, 14 TO 18 Y ‚   1425 ‚      0 ‚   1425
                                            EARS             ‚  15.41 ‚   0.00 ‚  15.41
                                                             ‚ 100.00 ‚   0.00 ‚
                                                             ‚  18.20 ‚   0.00 ‚
                                            ƒƒƒƒƒƒƒƒƒƒƒƒƒƒƒƒƒˆƒƒƒƒƒƒƒƒˆƒƒƒƒƒƒƒƒˆ
                                            FEMALE, 14 TO 18 ‚   1561 ‚      0 ‚   1561
                                             YEARS           ‚  16.88 ‚   0.00 ‚  16.88
                                                             ‚ 100.00 ‚   0.00 ‚
                                                             ‚  19.93 ‚   0.00 ‚
                                            ƒƒƒƒƒƒƒƒƒƒƒƒƒƒƒƒƒˆƒƒƒƒƒƒƒƒˆƒƒƒƒƒƒƒƒˆ
                                            Total                7831     1419     9250
                                                                                             Wednesday, May 25, 2022 08:42:47 AM   2

                                                         The FREQ Procedure

                                                     Table of drig by agec_4to8

                                            drig(Age/sex groupings - Dietary Reference Intakes (DRIs) - (D))
                                                              agec_4to8

                                            Frequency        ‚
                                            Percent          ‚
                                            Row Pct          ‚
                                            Col Pct          ‚       0‚       1‚  Total
                                            ƒƒƒƒƒƒƒƒƒƒƒƒƒƒƒƒƒˆƒƒƒƒƒƒƒƒˆƒƒƒƒƒƒƒƒˆ
                                            2 TO 3 YEARS     ‚   1419 ‚      0 ‚   1419
                                                             ‚  15.34 ‚   0.00 ‚  15.34
                                                             ‚ 100.00 ‚   0.00 ‚
                                                             ‚  18.93 ‚   0.00 ‚
                                            ƒƒƒƒƒƒƒƒƒƒƒƒƒƒƒƒƒˆƒƒƒƒƒƒƒƒˆƒƒƒƒƒƒƒƒˆ
                                            4 TO 8 YEARS     ‚      0 ‚   1755 ‚   1755
                                                             ‚   0.00 ‚  18.97 ‚  18.97
                                                             ‚   0.00 ‚ 100.00 ‚
                                                             ‚   0.00 ‚ 100.00 ‚
                                            ƒƒƒƒƒƒƒƒƒƒƒƒƒƒƒƒƒˆƒƒƒƒƒƒƒƒˆƒƒƒƒƒƒƒƒˆ
                                            MALE, 9 TO 13 YE ‚   1584 ‚      0 ‚   1584
                                            ARS              ‚  17.12 ‚   0.00 ‚  17.12
                                                             ‚ 100.00 ‚   0.00 ‚
                                                             ‚  21.13 ‚   0.00 ‚
                                            ƒƒƒƒƒƒƒƒƒƒƒƒƒƒƒƒƒˆƒƒƒƒƒƒƒƒˆƒƒƒƒƒƒƒƒˆ
                                            FEMALE, 9 TO 13  ‚   1506 ‚      0 ‚   1506
                                            YEARS            ‚  16.28 ‚   0.00 ‚  16.28
                                                             ‚ 100.00 ‚   0.00 ‚
                                                             ‚  20.09 ‚   0.00 ‚
                                            ƒƒƒƒƒƒƒƒƒƒƒƒƒƒƒƒƒˆƒƒƒƒƒƒƒƒˆƒƒƒƒƒƒƒƒˆ
                                            MALE, 14 TO 18 Y ‚   1425 ‚      0 ‚   1425
                                            EARS             ‚  15.41 ‚   0.00 ‚  15.41
                                                             ‚ 100.00 ‚   0.00 ‚
                                                             ‚  19.01 ‚   0.00 ‚
                                            ƒƒƒƒƒƒƒƒƒƒƒƒƒƒƒƒƒˆƒƒƒƒƒƒƒƒˆƒƒƒƒƒƒƒƒˆ
                                            FEMALE, 14 TO 18 ‚   1561 ‚      0 ‚   1561
                                             YEARS           ‚  16.88 ‚   0.00 ‚  16.88
                                                             ‚ 100.00 ‚   0.00 ‚
                                                             ‚  20.83 ‚   0.00 ‚
                                            ƒƒƒƒƒƒƒƒƒƒƒƒƒƒƒƒƒˆƒƒƒƒƒƒƒƒˆƒƒƒƒƒƒƒƒˆ
                                            Total                7495     1755     9250
                                                                81.03    18.97   100.00


                                                                                             Wednesday, May 25, 2022 08:42:47 AM   3

                                                         The FREQ Procedure

                                                    Table of drig by agec_9to13

                                            drig(Age/sex groupings - Dietary Reference Intakes (DRIs) - (D))
                                                              agec_9to13

                                            Frequency        ‚
                                            Percent          ‚
                                            Row Pct          ‚
                                            Col Pct          ‚       0‚       1‚  Total
                                            ƒƒƒƒƒƒƒƒƒƒƒƒƒƒƒƒƒˆƒƒƒƒƒƒƒƒˆƒƒƒƒƒƒƒƒˆ
                                            2 TO 3 YEARS     ‚   1419 ‚      0 ‚   1419
                                                             ‚  15.34 ‚   0.00 ‚  15.34
                                                             ‚ 100.00 ‚   0.00 ‚
                                                             ‚  23.04 ‚   0.00 ‚
                                            ƒƒƒƒƒƒƒƒƒƒƒƒƒƒƒƒƒˆƒƒƒƒƒƒƒƒˆƒƒƒƒƒƒƒƒˆ
                                            4 TO 8 YEARS     ‚   1755 ‚      0 ‚   1755
                                                             ‚  18.97 ‚   0.00 ‚  18.97
                                                             ‚ 100.00 ‚   0.00 ‚
                                                             ‚  28.49 ‚   0.00 ‚
                                            ƒƒƒƒƒƒƒƒƒƒƒƒƒƒƒƒƒˆƒƒƒƒƒƒƒƒˆƒƒƒƒƒƒƒƒˆ
                                            MALE, 9 TO 13 YE ‚      0 ‚   1584 ‚   1584
                                            ARS              ‚   0.00 ‚  17.12 ‚  17.12
                                                             ‚   0.00 ‚ 100.00 ‚
                                                             ‚   0.00 ‚  51.26 ‚
                                            ƒƒƒƒƒƒƒƒƒƒƒƒƒƒƒƒƒˆƒƒƒƒƒƒƒƒˆƒƒƒƒƒƒƒƒˆ
                                            FEMALE, 9 TO 13  ‚      0 ‚   1506 ‚   1506
                                            YEARS            ‚   0.00 ‚  16.28 ‚  16.28
                                                             ‚   0.00 ‚ 100.00 ‚
                                                             ‚   0.00 ‚  48.74 ‚
                                            ƒƒƒƒƒƒƒƒƒƒƒƒƒƒƒƒƒˆƒƒƒƒƒƒƒƒˆƒƒƒƒƒƒƒƒˆ
                                            MALE, 14 TO 18 Y ‚   1425 ‚      0 ‚   1425
                                            EARS             ‚  15.41 ‚   0.00 ‚  15.41
                                                             ‚ 100.00 ‚   0.00 ‚
                                                             ‚  23.13 ‚   0.00 ‚
                                            ƒƒƒƒƒƒƒƒƒƒƒƒƒƒƒƒƒˆƒƒƒƒƒƒƒƒˆƒƒƒƒƒƒƒƒˆ
                                            FEMALE, 14 TO 18 ‚   1561 ‚      0 ‚   1561
                                             YEARS           ‚  16.88 ‚   0.00 ‚  16.88
                                                             ‚ 100.00 ‚   0.00 ‚
                                                             ‚  25.34 ‚   0.00 ‚
                                            ƒƒƒƒƒƒƒƒƒƒƒƒƒƒƒƒƒˆƒƒƒƒƒƒƒƒˆƒƒƒƒƒƒƒƒˆ
                                            Total                6160     3090     9250
                                                                66.59    33.41   100.00


                                                                                             Wednesday, May 25, 2022 08:42:47 AM   4

                                                         The FREQ Procedure

                                                    Table of drig by agec_14to18

                                            drig(Age/sex groupings - Dietary Reference Intakes (DRIs) - (D))
                                                              agec_14to18

                                            Frequency        ‚
                                            Percent          ‚
                                            Row Pct          ‚
                                            Col Pct          ‚       0‚       1‚  Total
                                            ƒƒƒƒƒƒƒƒƒƒƒƒƒƒƒƒƒˆƒƒƒƒƒƒƒƒˆƒƒƒƒƒƒƒƒˆ
                                            2 TO 3 YEARS     ‚   1419 ‚      0 ‚   1419
                                                             ‚  15.34 ‚   0.00 ‚  15.34
                                                             ‚ 100.00 ‚   0.00 ‚
                                                             ‚  22.65 ‚   0.00 ‚
                                            ƒƒƒƒƒƒƒƒƒƒƒƒƒƒƒƒƒˆƒƒƒƒƒƒƒƒˆƒƒƒƒƒƒƒƒˆ
                                            4 TO 8 YEARS     ‚   1755 ‚      0 ‚   1755
                                                             ‚  18.97 ‚   0.00 ‚  18.97
                                                             ‚ 100.00 ‚   0.00 ‚
                                                             ‚  28.02 ‚   0.00 ‚
                                            ƒƒƒƒƒƒƒƒƒƒƒƒƒƒƒƒƒˆƒƒƒƒƒƒƒƒˆƒƒƒƒƒƒƒƒˆ
                                            MALE, 9 TO 13 YE ‚   1584 ‚      0 ‚   1584
                                            ARS              ‚  17.12 ‚   0.00 ‚  17.12
                                                             ‚ 100.00 ‚   0.00 ‚
                                                             ‚  25.29 ‚   0.00 ‚
                                            ƒƒƒƒƒƒƒƒƒƒƒƒƒƒƒƒƒˆƒƒƒƒƒƒƒƒˆƒƒƒƒƒƒƒƒˆ
                                            FEMALE, 9 TO 13  ‚   1506 ‚      0 ‚   1506
                                            YEARS            ‚  16.28 ‚   0.00 ‚  16.28
                                                             ‚ 100.00 ‚   0.00 ‚
                                                             ‚  24.04 ‚   0.00 ‚
                                            ƒƒƒƒƒƒƒƒƒƒƒƒƒƒƒƒƒˆƒƒƒƒƒƒƒƒˆƒƒƒƒƒƒƒƒˆ
                                            MALE, 14 TO 18 Y ‚      0 ‚   1425 ‚   1425
                                            EARS             ‚   0.00 ‚  15.41 ‚  15.41
                                                             ‚   0.00 ‚ 100.00 ‚
                                                             ‚   0.00 ‚  47.72 ‚
                                            ƒƒƒƒƒƒƒƒƒƒƒƒƒƒƒƒƒˆƒƒƒƒƒƒƒƒˆƒƒƒƒƒƒƒƒˆ
                                            FEMALE, 14 TO 18 ‚      0 ‚   1561 ‚   1561
                                             YEARS           ‚   0.00 ‚  16.88 ‚  16.88
                                                             ‚   0.00 ‚ 100.00 ‚
                                                             ‚   0.00 ‚  52.28 ‚
                                            ƒƒƒƒƒƒƒƒƒƒƒƒƒƒƒƒƒˆƒƒƒƒƒƒƒƒˆƒƒƒƒƒƒƒƒˆ
                                            Total                6264     2986     9250
                                                                67.72    32.28   100.00
                                                                                             Wednesday, May 25, 2022 08:42:47 AM   5

                                                        The MEANS Procedure

     24-hour
     dietary
      recall      N
  identifier    Obs   Variable     Label                                                            N           Mean        Minimum
ƒƒƒƒƒƒƒƒƒƒƒƒƒƒƒƒƒƒƒƒƒƒƒƒƒƒƒƒƒƒƒƒƒƒƒƒƒƒƒƒƒƒƒƒƒƒƒƒƒƒƒƒƒƒƒƒƒƒƒƒƒƒƒƒƒƒƒƒƒƒƒƒƒƒƒƒƒƒƒƒƒƒƒƒƒƒƒƒƒƒƒƒƒƒƒƒƒƒƒƒƒƒƒƒƒƒƒƒƒƒƒƒƒƒƒƒƒƒƒƒƒƒƒƒƒƒƒƒƒƒƒ
           1   6195   wg           Whole grain foods, RA/d                                       6195            0.8            0.0
                      pfpb         Protein foods, plant-based, RA/d (excludes bev.)              6195            0.4            0.0
                      otherbevs    Other (sweetened) beverages, g/d                              6195          352.6            0.0
                      milk         Unsweetened milk, g/d                                         6195          248.2            0.0
                      vf           Vegetables and fruits, RA/d                                   6195            2.7            0.0
                      rg           Refined grain foods, RA/d                                     6195            2.4            0.0
                      pfab         Protein foods, animal-based, RA/d (excludes bev.)             6195            2.1            0.0
                      otherfoods   Other foods, RA/d                                             6195            3.6            0.0
                      water        Water and unsweetened beverages, g/d                          6195          707.2            0.0
                      sfa          Total saturated fatty acid intake from food - g - (D)         6195           23.3            0.2
                      mufa         Total monounsaturated fatty acid intake from food - g - (D)   6195           23.4            0.0
                      pufa         Total polyunsaturated fatty acid intake from food - g - (D)   6195           12.6            0.0
                      freesugars   Total free sugars, g/d                                        6195           69.5            0.0
                      sodium       Sodium intake from food sources - mg - (D)                    6195         2574.4           79.2
                      energy       Energy intake from food sources in kilocalories - (D)         6195         1835.8          188.3

           2   3055   wg           Whole grain foods, RA/d                                       3055            0.8            0.0
                      pfpb         Protein foods, plant-based, RA/d (excludes bev.)              3055            0.4            0.0
                      otherbevs    Other (sweetened) beverages, g/d                              3055          291.0            0.0
                      milk         Unsweetened milk, g/d                                         3055          243.7            0.0
                      vf           Vegetables and fruits, RA/d                                   3055            2.6            0.0
                      rg           Refined grain foods, RA/d                                     3055            2.2            0.0
                      pfab         Protein foods, animal-based, RA/d (excludes bev.)             3055            2.1            0.0
                      otherfoods   Other foods, RA/d                                             3055            3.2            0.0
                      water        Water and unsweetened beverages, g/d                          3055          655.6            0.0
                      sfa          Total saturated fatty acid intake from food - g - (D)         3055           21.8            0.2
                      mufa         Total monounsaturated fatty acid intake from food - g - (D)   3055           22.0            0.1
                      pufa         Total polyunsaturated fatty acid intake from food - g - (D)   3055           11.8            0.0
                      freesugars   Total free sugars, g/d                                        3055           59.9            0.0
                      sodium       Sodium intake from food sources - mg - (D)                    3055         2429.2            9.6
                      energy       Energy intake from food sources in kilocalories - (D)         3055         1699.5           87.4
ƒƒƒƒƒƒƒƒƒƒƒƒƒƒƒƒƒƒƒƒƒƒƒƒƒƒƒƒƒƒƒƒƒƒƒƒƒƒƒƒƒƒƒƒƒƒƒƒƒƒƒƒƒƒƒƒƒƒƒƒƒƒƒƒƒƒƒƒƒƒƒƒƒƒƒƒƒƒƒƒƒƒƒƒƒƒƒƒƒƒƒƒƒƒƒƒƒƒƒƒƒƒƒƒƒƒƒƒƒƒƒƒƒƒƒƒƒƒƒƒƒƒƒƒƒƒƒƒƒƒƒ

        24-hour
        dietary
         recall      N
     identifier    Obs   Variable     Label                                                            25th Pctl       50th Pctl
   ƒƒƒƒƒƒƒƒƒƒƒƒƒƒƒƒƒƒƒƒƒƒƒƒƒƒƒƒƒƒƒƒƒƒƒƒƒƒƒƒƒƒƒƒƒƒƒƒƒƒƒƒƒƒƒƒƒƒƒƒƒƒƒƒƒƒƒƒƒƒƒƒƒƒƒƒƒƒƒƒƒƒƒƒƒƒƒƒƒƒƒƒƒƒƒƒƒƒƒƒƒƒƒƒƒƒƒƒƒƒƒƒƒƒƒƒƒƒƒƒƒƒƒƒƒ
              1   6195   wg           Whole grain foods, RA/d                                                0.0             0.5
                         pfpb         Protein foods, plant-based, RA/d (excludes bev.)                       0.0             0.0
                         otherbevs    Other (sweetened) beverages, g/d                                       0.0           250.0
                         milk         Unsweetened milk, g/d                                                  0.0           190.8
                         vf           Vegetables and fruits, RA/d                                            1.2             2.3
                         rg           Refined grain foods, RA/d                                              1.1             2.0
                         pfab         Protein foods, animal-based, RA/d (excludes bev.)                      0.9             1.7
                         otherfoods   Other foods, RA/d                                                      1.2             2.6
                         water        Water and unsweetened beverages, g/d                                 270.5           539.6
                         sfa          Total saturated fatty acid intake from food - g - (D)                 13.4            20.0
                         mufa         Total monounsaturated fatty acid intake from food - g - (D)           13.4            20.4
   ƒƒƒƒƒƒƒƒƒƒƒƒƒƒƒƒƒƒƒƒƒƒƒƒƒƒƒƒƒƒƒƒƒƒƒƒƒƒƒƒƒƒƒƒƒƒƒƒƒƒƒƒƒƒƒƒƒƒƒƒƒƒƒƒƒƒƒƒƒƒƒƒƒƒƒƒƒƒƒƒƒƒƒƒƒƒƒƒƒƒƒƒƒƒƒƒƒƒƒƒƒƒƒƒƒƒƒƒƒƒƒƒƒƒƒƒƒƒƒƒƒƒƒƒƒ
                                                                                             Wednesday, May 25, 2022 08:42:47 AM   6

                                                        The MEANS Procedure

        24-hour
        dietary
         recall      N
     identifier    Obs   Variable     Label                                                            25th Pctl       50th Pctl
   ƒƒƒƒƒƒƒƒƒƒƒƒƒƒƒƒƒƒƒƒƒƒƒƒƒƒƒƒƒƒƒƒƒƒƒƒƒƒƒƒƒƒƒƒƒƒƒƒƒƒƒƒƒƒƒƒƒƒƒƒƒƒƒƒƒƒƒƒƒƒƒƒƒƒƒƒƒƒƒƒƒƒƒƒƒƒƒƒƒƒƒƒƒƒƒƒƒƒƒƒƒƒƒƒƒƒƒƒƒƒƒƒƒƒƒƒƒƒƒƒƒƒƒƒƒ
              1   6195   pufa         Total polyunsaturated fatty acid intake from food - g - (D)            7.0            10.5
                         freesugars   Total free sugars, g/d                                                33.6            56.8
                         sodium       Sodium intake from food sources - mg - (D)                          1637.8          2311.3
                         energy       Energy intake from food sources in kilocalories - (D)               1299.8          1700.8

              2   3055   wg           Whole grain foods, RA/d                                                0.0             0.3
                         pfpb         Protein foods, plant-based, RA/d (excludes bev.)                       0.0             0.0
                         otherbevs    Other (sweetened) beverages, g/d                                       0.0           210.5
                         milk         Unsweetened milk, g/d                                                 11.2           206.3
                         vf           Vegetables and fruits, RA/d                                            1.1             2.2
                         rg           Refined grain foods, RA/d                                              1.0             1.8
                         pfab         Protein foods, animal-based, RA/d (excludes bev.)                      0.9             1.6
                         otherfoods   Other foods, RA/d                                                      1.0             2.2
                         water        Water and unsweetened beverages, g/d                                 237.0           503.6
                         sfa          Total saturated fatty acid intake from food - g - (D)                 12.5            18.8
                         mufa         Total monounsaturated fatty acid intake from food - g - (D)           12.8            18.9
                         pufa         Total polyunsaturated fatty acid intake from food - g - (D)            6.1             9.9
                         freesugars   Total free sugars, g/d                                                27.5            48.8
                         sodium       Sodium intake from food sources - mg - (D)                          1512.2          2167.2
                         energy       Energy intake from food sources in kilocalories - (D)               1200.4          1561.4
   ƒƒƒƒƒƒƒƒƒƒƒƒƒƒƒƒƒƒƒƒƒƒƒƒƒƒƒƒƒƒƒƒƒƒƒƒƒƒƒƒƒƒƒƒƒƒƒƒƒƒƒƒƒƒƒƒƒƒƒƒƒƒƒƒƒƒƒƒƒƒƒƒƒƒƒƒƒƒƒƒƒƒƒƒƒƒƒƒƒƒƒƒƒƒƒƒƒƒƒƒƒƒƒƒƒƒƒƒƒƒƒƒƒƒƒƒƒƒƒƒƒƒƒƒƒ

        24-hour
        dietary
         recall      N
     identifier    Obs   Variable     Label                                                            75th Pctl         Maximum
   ƒƒƒƒƒƒƒƒƒƒƒƒƒƒƒƒƒƒƒƒƒƒƒƒƒƒƒƒƒƒƒƒƒƒƒƒƒƒƒƒƒƒƒƒƒƒƒƒƒƒƒƒƒƒƒƒƒƒƒƒƒƒƒƒƒƒƒƒƒƒƒƒƒƒƒƒƒƒƒƒƒƒƒƒƒƒƒƒƒƒƒƒƒƒƒƒƒƒƒƒƒƒƒƒƒƒƒƒƒƒƒƒƒƒƒƒƒƒƒƒƒƒƒƒƒ
              1   6195   wg           Whole grain foods, RA/d                                                1.2            27.3
                         pfpb         Protein foods, plant-based, RA/d (excludes bev.)                       0.1            38.5
                         otherbevs    Other (sweetened) beverages, g/d                                     512.5          3862.0
                         milk         Unsweetened milk, g/d                                                371.3          3681.7
                         vf           Vegetables and fruits, RA/d                                            3.8            25.4
                         rg           Refined grain foods, RA/d                                              3.2            26.0
                         pfab         Protein foods, animal-based, RA/d (excludes bev.)                      2.8            27.4
                         otherfoods   Other foods, RA/d                                                      4.7            84.1
                         water        Water and unsweetened beverages, g/d                                 981.7          8449.3
                         sfa          Total saturated fatty acid intake from food - g - (D)                 29.2           195.8
                         mufa         Total monounsaturated fatty acid intake from food - g - (D)           29.4           232.7
                         pufa         Total polyunsaturated fatty acid intake from food - g - (D)           15.7           166.0
                         freesugars   Total free sugars, g/d                                                90.4           626.9
                         sodium       Sodium intake from food sources - mg - (D)                          3182.8         20121.3
                         energy       Energy intake from food sources in kilocalories - (D)               2214.8         13650.7

              2   3055   wg           Whole grain foods, RA/d                                                1.2            11.6
                         pfpb         Protein foods, plant-based, RA/d (excludes bev.)                       0.0            12.9
                         otherbevs    Other (sweetened) beverages, g/d                                     434.0          3187.4
                         milk         Unsweetened milk, g/d                                                372.6          2044.2
                         vf           Vegetables and fruits, RA/d                                            3.5            14.8
                         rg           Refined grain foods, RA/d                                              3.0            24.2
   ƒƒƒƒƒƒƒƒƒƒƒƒƒƒƒƒƒƒƒƒƒƒƒƒƒƒƒƒƒƒƒƒƒƒƒƒƒƒƒƒƒƒƒƒƒƒƒƒƒƒƒƒƒƒƒƒƒƒƒƒƒƒƒƒƒƒƒƒƒƒƒƒƒƒƒƒƒƒƒƒƒƒƒƒƒƒƒƒƒƒƒƒƒƒƒƒƒƒƒƒƒƒƒƒƒƒƒƒƒƒƒƒƒƒƒƒƒƒƒƒƒƒƒƒƒ
                                                                                             Wednesday, May 25, 2022 08:42:47 AM   7

                                                        The MEANS Procedure

        24-hour
        dietary
         recall      N
     identifier    Obs   Variable     Label                                                            75th Pctl         Maximum
   ƒƒƒƒƒƒƒƒƒƒƒƒƒƒƒƒƒƒƒƒƒƒƒƒƒƒƒƒƒƒƒƒƒƒƒƒƒƒƒƒƒƒƒƒƒƒƒƒƒƒƒƒƒƒƒƒƒƒƒƒƒƒƒƒƒƒƒƒƒƒƒƒƒƒƒƒƒƒƒƒƒƒƒƒƒƒƒƒƒƒƒƒƒƒƒƒƒƒƒƒƒƒƒƒƒƒƒƒƒƒƒƒƒƒƒƒƒƒƒƒƒƒƒƒƒ
              2   3055   pfab         Protein foods, animal-based, RA/d (excludes bev.)                      2.8            26.8
                         otherfoods   Other foods, RA/d                                                      4.3           111.5
                         water        Water and unsweetened beverages, g/d                                 947.8          5609.5
                         sfa          Total saturated fatty acid intake from food - g - (D)                 28.5           175.6
                         mufa         Total monounsaturated fatty acid intake from food - g - (D)           28.2           112.7
                         pufa         Total polyunsaturated fatty acid intake from food - g - (D)           14.9           130.1
                         freesugars   Total free sugars, g/d                                                79.4           513.3
                         sodium       Sodium intake from food sources - mg - (D)                          3055.5         10944.1
                         energy       Energy intake from food sources in kilocalories - (D)               2064.0          6080.2
   ƒƒƒƒƒƒƒƒƒƒƒƒƒƒƒƒƒƒƒƒƒƒƒƒƒƒƒƒƒƒƒƒƒƒƒƒƒƒƒƒƒƒƒƒƒƒƒƒƒƒƒƒƒƒƒƒƒƒƒƒƒƒƒƒƒƒƒƒƒƒƒƒƒƒƒƒƒƒƒƒƒƒƒƒƒƒƒƒƒƒƒƒƒƒƒƒƒƒƒƒƒƒƒƒƒƒƒƒƒƒƒƒƒƒƒƒƒƒƒƒƒƒƒƒƒ
                                                                                             Wednesday, May 25, 2022 08:44:57 AM   8
                                                                  
                                                                  
                 Consumption-Day Indicators for Episodically Consumed Components and Standardized Recall Variables

                                                        The MEANS Procedure

                                                 N
                  Variable               N    Miss            Mean         Std Dev         Minimum         Maximum
                  ƒƒƒƒƒƒƒƒƒƒƒƒƒƒƒƒƒƒƒƒƒƒƒƒƒƒƒƒƒƒƒƒƒƒƒƒƒƒƒƒƒƒƒƒƒƒƒƒƒƒƒƒƒƒƒƒƒƒƒƒƒƒƒƒƒƒƒƒƒƒƒƒƒƒƒƒƒƒƒƒƒƒƒƒƒƒƒƒƒƒƒƒƒƒƒƒ
                  conday_wg           4597       0       0.5692843       0.4952303               0       1.0000000
                  conday_pfpb         4597       0       0.2564716       0.4367327               0       1.0000000
                  conday_otherbevs    4597       0       0.7513596       0.4322719               0       1.0000000
                  conday_milk         4597       0       0.7335219       0.4421652               0       1.0000000
                  stdbc_wg            4597       0    2.921309E-16       1.0669495      -5.5517979       7.6841344
                  stdbc_pfpb          4597       0    8.095427E-17       0.7159746      -4.2369329       7.1862362
                  stdbc_otherbevs     4597       0    1.595746E-14       1.2258103      -8.1163910       4.6447080
                  stdbc_milk          4597       0    2.238743E-14       1.2111679      -3.8132420       7.2703185
                  stdbc_vf            4597       0    -4.48243E-17       1.4142136      -3.6258947       5.1674408
                  stdbc_rg            4597       0     -1.8548E-15       1.4142136      -3.6140310       6.0581446
                  stdbc_pfab          4597       0    -2.69719E-16       1.4142136      -4.1119729       5.5486340
                  stdbc_otherfoods    4597       0    7.411469E-16       1.4142136      -3.6218311       7.5193429
                  stdbc_water         4597       0    1.666228E-15       1.4142136      -2.8362648       5.6770759
                  stdbc_sfa           4597       0    -2.85871E-15       1.4142136      -6.5171717       7.0413919
                  stdbc_mufa          4597       0     -1.2785E-14       1.4142136      -6.3770796       7.4717554
                  stdbc_pufa          4597       0    3.607585E-15       1.4142136      -8.3193148       7.3114774
                  stdbc_freesugars    4597       0    -1.88278E-14       1.4142136      -4.8719100       6.0646277
                  stdbc_sodium        4597       0    5.094516E-15       1.4142136      -6.5376772       7.3665343
                  stdbc_energy        4597       0    -2.62748E-14       1.4142136      -7.6245195       8.1091835
                  ƒƒƒƒƒƒƒƒƒƒƒƒƒƒƒƒƒƒƒƒƒƒƒƒƒƒƒƒƒƒƒƒƒƒƒƒƒƒƒƒƒƒƒƒƒƒƒƒƒƒƒƒƒƒƒƒƒƒƒƒƒƒƒƒƒƒƒƒƒƒƒƒƒƒƒƒƒƒƒƒƒƒƒƒƒƒƒƒƒƒƒƒƒƒƒƒ
                                                                                             Wednesday, May 25, 2022 08:44:57 AM   9
                                                                  
                                                                  
                                                 Variables for Back-Transformation

                                             tran_       tran_     tran_      tran_
                                   Obs    paramindex    lambda     center     scale     minamount

                                     1         1         0.20      0.2082    0.58284      0.0048 
                                     2         2         0.20      0.0276    0.74426      0.0037 
                                     3         3         0.13      9.2172    1.20541      0.2776 
                                     4         4         0.41     23.0437    6.21663      0.2310 
                                     5         5         0.37      0.7995    0.92603      0.0004 
                                     6         6         0.36      0.7808    0.89359      0.0027 
                                     7         7         0.26      0.5537    0.84624      0.0041 
                                     8         8         0.26      1.1097    1.06089      0.0085 
                                     9         9         0.39     26.0548    9.59573      0.2130 
                                    10        10         0.25      4.6709    0.89362      0.1283 
                                    11        11         0.24      4.6162    0.88697      0.1511 
                                    12        12         0.16      2.9895    0.66830      0.0182 
                                    13        13         0.33      8.7542    2.24238      0.0220 
                                    14        14         0.27     26.9793    3.13544     21.1841 
                                    15        15         0.19     16.6504    1.26000     43.7027 
                     Fit Multivariate Measurement Error Model Using MCMC with 24-Hour Recall as Main Instrument                   10
                                                                                                 Wednesday, May 25, 2022 08:44:57 AM

                                                            MCMC Output




   beta1_mean beta1_std beta2_mean beta2_std beta3_mean beta3_std beta4_mean beta4_std beta5_mean beta5_std beta6_mean beta6_std

    0.4733447 0.1019142  -0.747582 0.1018335    -0.4585 0.0933133  -0.316429 0.1477012  0.5734762 0.1192965  -1.243764 0.0894053
     -0.15639 0.0589541  -0.090797 0.0701957  -0.038338 0.0609815  0.0610118 0.0972747  -0.341519 0.0679942    -0.2563 0.0489623
    -0.138057  0.058885  -0.130721 0.0696332  -0.109996 0.0599008  -0.063473  0.100859  0.1837889 0.0711179  0.1334159 0.0477584
     -0.15552 0.1204099  0.6236024 0.1240973  -0.136956 0.1047051  0.2937991 0.1632906  0.2759898 0.1264822  0.6136301 0.0961565
    -0.107304 0.1082012  0.8603484 0.1095788  -0.474675  0.112466  0.4891136 0.1772654    0.35705 0.1305851  0.9634637 0.0982113
    -0.251438 0.1131184  1.1927857 0.1177699  -0.347124  0.105887  0.7257298 0.1700309  0.6508478 0.1331156  1.5562826  0.096863

beta7_mean beta7_std beta8_mean beta8_std beta9_mean beta9_std beta10_mean beta10_std beta11_mean beta11_std beta12_mean beta12_std

 1.8509566 0.1998628   0.209949 0.0925937  0.0633796 0.0805995    -0.56038  0.0732688   -0.283333  0.0744855   -0.752652  0.0669416
 0.1022909 0.0701609  -0.071509 0.0521249  -0.153507 0.0434595    -0.19424  0.0416792   -0.120748  0.0442543   -0.259297  0.0425983
 -0.192959 0.0740543  -0.180059 0.0541816  -0.148856 0.0432164   -0.037543  0.0425569   0.0490915  0.0446556   -0.040793  0.0415594
 -0.757459 0.1898708   -0.39228 0.1075721  0.1405083 0.0934526    0.549503   0.080975   -0.031169  0.0834655   0.7439137  0.0824114
 -0.929892 0.1778658  -0.444324 0.1081841  0.0767061 0.0879679   0.8116314   0.081522   0.3208554  0.0800932   0.8354284  0.0795715
 -1.142217 0.1809137  -0.398187  0.113747  0.1950422 0.0897136    0.837569  0.0830774   0.7213751  0.0840994   1.0499083  0.0811643

   beta13_mean beta13_std beta14_mean beta14_std beta15_mean beta15_std beta16_mean beta16_std beta17_mean beta17_std beta18_mean

     -0.446799  0.0846622   -0.503168  0.0698742    -0.71657   0.062615    -0.76586  0.0623422   -0.657525  0.0628983    -1.00943
     -0.103489  0.0367513   -0.220615  0.0411643   -0.253226  0.0409782   -0.325991  0.0432627   -0.389074  0.0368527   -0.245597
     -0.108407  0.0373565   0.0147182  0.0447346   0.0420491  0.0433553   0.0253568  0.0448743   0.0110391  0.0387772   0.0061559
     0.3332881  0.0953102   0.2478329  0.0776969   0.3772786  0.0684568   0.4836923  0.0702381   0.6193056  0.0757241   0.7281954
     0.6120091  0.0920577   0.5780109  0.0802018   0.8293969  0.0761165   0.8717292  0.0737811   0.7695296  0.0748498   1.2150755
     1.1705234  0.0971121   0.9102732  0.0793483   1.2818268  0.0714948   1.3635066  0.0719456   1.0216006   0.072248   1.6462856

                                                 beta18_std beta19_mean beta19_std

                                                  0.0669946   -0.890609  0.0616775
                                                  0.0376027   -0.374253  0.0350388
                                                  0.0421645   -0.054126  0.0394399
                                                  0.0771211    0.642597  0.0681436
                                                  0.0801955   1.1064281  0.0705007
                                                  0.0754518   1.6243129  0.0715352



                                                            sigmau_mean
                        COL1      COL2      COL3      COL4      COL5      COL6      COL7      COL8      COL9     COL10

             ROW1  0.5501462 0.1197166 0.2021482 0.0857688 -0.052383 -0.152468 0.1830975 0.0703044 0.1423118  -0.05949
             ROW2  0.1197166 0.2687569 0.1114334 0.0745797 -0.071544 -0.010395 0.0982982 0.0328295  0.196111 -0.002135
             ROW3  0.2021482 0.1114334 0.3483065 0.0585149 -0.041592 -0.060168  0.160966 0.0653729 0.1696493 0.0002357
             ROW4  0.0857688 0.0745797 0.0585149 0.4121131 0.0131138 0.1030707 0.0284981 0.0625561 -0.004512  0.091068
             ROW5  -0.052383 -0.071544 -0.041592 0.0131138 1.0842611 0.6255488 -0.470667 -0.183265 -0.190726 -0.076987
             ROW6  -0.152468 -0.010395 -0.060168 0.1030707 0.6255488 0.6628382 -0.353334 -0.095359 -0.131339 0.0417835
             ROW7  0.1830975 0.0982982  0.160966 0.0284981 -0.470667 -0.353334 1.0999906 0.7027859 0.1433077 0.1412199
             ROW8  0.0703044 0.0328295 0.0653729 0.0625561 -0.183265 -0.095359 0.7027859 0.7445194  0.079121 0.1564975
             ROW9  0.1423118  0.196111 0.1696493 -0.004512 -0.190726 -0.131339 0.1433077  0.079121 0.5117576 -0.024487
             ROW10  -0.05949 -0.002135 0.0002357  0.091068 -0.076987 0.0417835 0.1412199 0.1564975 -0.024487 0.2462924
             ROW11 -0.061067 0.0552517    0.0095 0.1380523 -0.036824 0.0816544 0.0131291 0.0267178 0.0548317 0.0321347
                     Fit Multivariate Measurement Error Model Using MCMC with 24-Hour Recall as Main Instrument                   11
                                                                                                 Wednesday, May 25, 2022 09:10:27 AM

                                                            sigmau_mean
                        COL1      COL2      COL3      COL4      COL5      COL6      COL7      COL8      COL9     COL10

             ROW12 -0.034064 0.1010865 -0.011893 0.2290112 0.0379042 0.2232284 -0.027479   0.06669 0.0290406   0.08889
             ROW13 0.2173909  0.197682 0.1697829 0.1829317 -0.259277 -0.162412 -0.089967 -0.128217  0.291053 -0.042016
             ROW14 -0.019472 0.1142605 0.0697833 0.2037445 -0.028641 0.1469565 0.2400981 0.2505074 0.0679984 0.1301719
             ROW15 -0.020726 0.1165311 0.0901904 0.2284326 -0.034528 0.1277783 0.1296583 0.1376867 0.0810023 0.1019657
             ROW16 0.0639735 0.1316142 0.1139245 0.2258621 -0.023254 0.1154102 0.0967125 0.0954674 0.0961889 0.0757773
             ROW17   -0.0663 0.0622129 0.0183216 0.2079087 0.5684065 0.5472545 -0.183212 0.0201873 -0.065348  0.091405
             ROW18 0.0070309 0.1370827 0.0591831 0.1895389 -0.048854 0.1297329 0.0608029 0.0672432 0.0981225 0.0949728
             ROW19 0.0593182 0.1897865 0.1301746  0.242956 0.0420049 0.2007706 0.1977722 0.2376915 0.1788304 0.1462818

                                                            sigmau_mean
                            COL11     COL12     COL13     COL14     COL15     COL16     COL17     COL18     COL19

                  ROW1  -0.061067 -0.034064 0.2173909 -0.019472 -0.020726 0.0639735   -0.0663 0.0070309 0.0593182
                  ROW2  0.0552517 0.1010865  0.197682 0.1142605 0.1165311 0.1316142 0.0622129 0.1370827 0.1897865
                  ROW3     0.0095 -0.011893 0.1697829 0.0697833 0.0901904 0.1139245 0.0183216 0.0591831 0.1301746
                  ROW4  0.1380523 0.2290112 0.1829317 0.2037445 0.2284326 0.2258621 0.2079087 0.1895389  0.242956
                  ROW5  -0.036824 0.0379042 -0.259277 -0.028641 -0.034528 -0.023254 0.5684065 -0.048854 0.0420049
                  ROW6  0.0816544 0.2232284 -0.162412 0.1469565 0.1277783 0.1154102 0.5472545 0.1297329 0.2007706
                  ROW7  0.0131291 -0.027479 -0.089967 0.2400981 0.1296583 0.0967125 -0.183212 0.0608029 0.1977722
                  ROW8  0.0267178   0.06669 -0.128217 0.2505074 0.1376867 0.0954674 0.0201873 0.0672432 0.2376915
                  ROW9  0.0548317 0.0290406  0.291053 0.0679984 0.0810023 0.0961889 -0.065348 0.0981225 0.1788304
                  ROW10 0.0321347   0.08889 -0.042016 0.1301719 0.1019657 0.0757773  0.091405 0.0949728 0.1462818
                  ROW11 0.2792379 0.1168066 0.1304916  0.167989 0.1874856 0.1514211 0.0874014 0.1557998 0.1744467
                  ROW12 0.1168066 0.5079318 0.1034474 0.2707217 0.2598627 0.2585558 0.3684076 0.2620609 0.3167045
                  ROW13 0.1304916 0.1034474 0.7461199 0.0931561 0.1626938 0.1929181 -0.077424 0.1787625   0.16884
                  ROW14  0.167989 0.2707217 0.0931561 0.4451554 0.3312169 0.2603584 0.2680452 0.2702717 0.3823808
                  ROW15 0.1874856 0.2598627 0.1626938 0.3312169 0.3751335   0.29049  0.231025 0.2584545 0.3488587
                  ROW16 0.1514211 0.2585558 0.1929181 0.2603584   0.29049 0.3310655 0.2202935 0.2394038 0.3189613
                  ROW17 0.0874014 0.3684076 -0.077424 0.2680452  0.231025 0.2202935 0.7175125 0.1915421 0.3457113
                  ROW18 0.1557998 0.2620609 0.1787625 0.2702717 0.2584545 0.2394038 0.1915421 0.3195999 0.3041533
                  ROW19 0.1744467 0.3167045   0.16884 0.3823808 0.3488587 0.3189613 0.3457113 0.3041533 0.4923204



                                                            sigmau_std
                        COL1      COL2      COL3      COL4      COL5      COL6      COL7      COL8      COL9     COL10

             ROW1  0.1355908 0.0619093 0.0647633 0.0723045 0.0658711 0.0623842 0.0735623 0.0495811 0.0512926 0.0537996
             ROW2  0.0619093 0.0446546 0.0384311 0.0440566 0.0713781 0.0448057 0.0581074 0.0492409 0.0471772 0.0367618
             ROW3  0.0647633 0.0384311 0.1008286 0.0766726 0.0609277 0.0434366 0.0631473 0.0472719 0.0590422 0.0448311
             ROW4  0.0723045 0.0440566 0.0766726 0.1086049 0.0783358 0.0561388 0.0865632 0.0711244 0.0655213 0.0432373
             ROW5  0.0658711 0.0713781 0.0609277 0.0783358 0.2572508 0.1077794 0.1033992 0.0689911 0.0605736 0.0704284
             ROW6  0.0623842 0.0448057 0.0434366 0.0561388 0.1077794 0.0877149 0.0731967 0.0530255 0.0474952 0.0456743
             ROW7  0.0735623 0.0581074 0.0631473 0.0865632 0.1033992 0.0731967 0.2350148 0.1244279 0.0645225 0.0622667
             ROW8  0.0495811 0.0492409 0.0472719 0.0711244 0.0689911 0.0530255 0.1244279 0.0988948 0.0521367 0.0506653
             ROW9  0.0512926 0.0471772 0.0590422 0.0655213 0.0605736 0.0474952 0.0645225 0.0521367 0.0712261 0.0405602
             ROW10 0.0537996 0.0367618 0.0448311 0.0432373 0.0704284 0.0456743 0.0622667 0.0506653 0.0405602 0.0525943
             ROW11 0.0449573 0.0379196 0.0457588 0.0535602 0.0657393 0.0610251 0.0650457 0.0552301 0.0435853 0.0430458
             ROW12 0.0523799 0.0524244 0.0577348 0.0596845 0.0599552 0.0434571 0.0663226 0.0538919  0.041823  0.050688
             ROW13 0.0474153 0.0461085 0.0576043 0.0649169 0.0717432 0.0453074 0.0638814 0.0507715 0.0501059 0.0411878
             ROW14 0.0428905 0.0384179 0.0465512 0.0645632 0.0571622 0.0460993 0.0594493 0.0484201 0.0454641 0.0466214
             ROW15 0.0386333 0.0371447 0.0460352 0.0584364 0.0551392 0.0443368 0.0540487 0.0437514 0.0394132 0.0406689
             ROW16 0.0392235 0.0368811 0.0423082  0.050614 0.0528552 0.0394388 0.0525878 0.0423704 0.0359855 0.0371224
             ROW17 0.0502723 0.0446226  0.056278 0.0557453 0.0941892 0.0552171 0.0679331 0.0469994 0.0407206 0.0443796
                     Fit Multivariate Measurement Error Model Using MCMC with 24-Hour Recall as Main Instrument                   12
                                                                                                 Wednesday, May 25, 2022 09:10:28 AM

                                                            sigmau_std
                        COL1      COL2      COL3      COL4      COL5      COL6      COL7      COL8      COL9     COL10

             ROW18 0.0399991 0.0389267  0.038944 0.0489817 0.0548995 0.0437702 0.0510656 0.0454629 0.0439219 0.0430589
             ROW19 0.0413322 0.0404647 0.0455609 0.0590417 0.0569679 0.0435165 0.0559157 0.0472279 0.0455379 0.0457374

                                                            sigmau_std
                            COL11     COL12     COL13     COL14     COL15     COL16     COL17     COL18     COL19

                  ROW1  0.0449573 0.0523799 0.0474153 0.0428905 0.0386333 0.0392235 0.0502723 0.0399991 0.0413322
                  ROW2  0.0379196 0.0524244 0.0461085 0.0384179 0.0371447 0.0368811 0.0446226 0.0389267 0.0404647
                  ROW3  0.0457588 0.0577348 0.0576043 0.0465512 0.0460352 0.0423082  0.056278  0.038944 0.0455609
                  ROW4  0.0535602 0.0596845 0.0649169 0.0645632 0.0584364  0.050614 0.0557453 0.0489817 0.0590417
                  ROW5  0.0657393 0.0599552 0.0717432 0.0571622 0.0551392 0.0528552 0.0941892 0.0548995 0.0569679
                  ROW6  0.0610251 0.0434571 0.0453074 0.0460993 0.0443368 0.0394388 0.0552171 0.0437702 0.0435165
                  ROW7  0.0650457 0.0663226 0.0638814 0.0594493 0.0540487 0.0525878 0.0679331 0.0510656 0.0559157
                  ROW8  0.0552301 0.0538919 0.0507715 0.0484201 0.0437514 0.0423704 0.0469994 0.0454629 0.0472279
                  ROW9  0.0435853  0.041823 0.0501059 0.0454641 0.0394132 0.0359855 0.0407206 0.0439219 0.0455379
                  ROW10 0.0430458  0.050688 0.0411878 0.0466214 0.0406689 0.0371224 0.0443796 0.0430589 0.0457374
                  ROW11 0.0560459 0.0502564 0.0461535 0.0468501 0.0465263 0.0374524 0.0557187 0.0370435 0.0445006
                  ROW12 0.0502564 0.0660788 0.0461467  0.051442 0.0420516 0.0385007 0.0490333 0.0454156 0.0456052
                  ROW13 0.0461535 0.0461467 0.0572586 0.0439482 0.0452358 0.0434571 0.0411826 0.0413241 0.0418515
                  ROW14 0.0468501  0.051442 0.0439482 0.0646885 0.0519481 0.0434277 0.0483513 0.0444862 0.0524804
                  ROW15 0.0465263 0.0420516 0.0452358 0.0519481  0.054677 0.0474189 0.0412659 0.0422867 0.0490678
                  ROW16 0.0374524 0.0385007 0.0434571 0.0434277 0.0474189 0.0469537 0.0387349 0.0403574 0.0435537
                  ROW17 0.0557187 0.0490333 0.0411826 0.0483513 0.0412659 0.0387349 0.0607181 0.0406131 0.0434436
                  ROW18 0.0370435 0.0454156 0.0413241 0.0444862 0.0422867 0.0403574 0.0406131 0.0461029 0.0434481
                  ROW19 0.0445006 0.0456052 0.0418515 0.0524804 0.0490678 0.0435537 0.0434436 0.0434481 0.0501867



                                                            sigmae_mean
                        COL1      COL2      COL3      COL4      COL5      COL6      COL7      COL8      COL9     COL10

             ROW1          1         0 0.0661262  -0.12708 0.0989134 0.0570764 0.0704181 0.0386074 -0.033787 -0.482996
             ROW2          0 1.6137364  0.041122 0.0836889  0.085652 0.0546196 0.0352487 0.1637883 -0.055822 -0.132453
             ROW3  0.0661262  0.041122         1         0 -0.004432 -0.051569 -0.003354  -0.00849 -0.005934 -0.056678
             ROW4   -0.12708 0.0836889         0 1.3662939 0.0037136 -0.034557 -0.008257 -0.002282 -0.131973 -0.031948
             ROW5  0.0989134  0.085652 -0.004432 0.0037136         1  -5.2E-20 0.0062728 -0.274004 0.0259546 0.0048094
             ROW6  0.0570764 0.0546196 -0.051569 -0.034557  -5.2E-20  1.169984 0.0032279 -0.019241 0.1690191 0.0929615
             ROW7  0.0704181 0.0352487 -0.003354 -0.008257 0.0062728 0.0032279         1 1.554E-20 0.2046773 -0.034843
             ROW8  0.0386074 0.1637883  -0.00849 -0.002282 -0.274004 -0.019241 1.554E-20 1.3116773 0.0177265  0.042106
             ROW9  -0.033787 -0.055822 -0.005934 -0.131973 0.0259546 0.1690191 0.2046773 0.0177265 1.4734287 0.0425362
             ROW10 -0.482996 -0.132453 -0.056678 -0.031948 0.0048094 0.0929615 -0.034843  0.042106 0.0425362 1.6851178
             ROW11 0.0991952  -0.00347 -0.094228 -0.188384 0.1161439 0.0814472 0.0805079 0.0576372 0.3159851 0.2498133
             ROW12 0.0091552   -0.1383 -0.042601 -0.143873 0.0443375 0.0479797 0.0362155 -0.002679 0.0669425 -0.016565
             ROW13 -0.113962  -0.11559 -0.044285 -0.160394 -0.155382 -0.055337 -0.091279 -0.026291 -0.002507 0.1583689
             ROW14 0.0304763 0.0319564 -0.016244 0.0414536 0.0452613 0.1751262 0.1529463 0.3952488  0.189438 0.3942487
             ROW15 0.0470345 0.0070815 0.1585558 0.3108996  0.116929 0.1461542 0.0404798 0.1600188 0.1992646 0.3928015
             ROW16 0.0738807 0.1393593 0.2656878 0.2867891 0.1366714 0.1116318 -0.007307 0.0074333 0.1893209 0.4381243
             ROW17  0.066324 0.0944505 -0.066359  -0.10457 0.6009843 0.5726514 -0.003772 -0.023932 0.0735498 0.1027556
             ROW18 0.0740479 0.1363125 0.0353406 -0.000622 0.1396115 0.2494375 0.0821518 0.2221152 0.3164357 0.6679772
             ROW19  0.100073 0.2229445 0.0609108 0.1180814 0.2315723 0.3615108 0.1306635 0.2513158 0.3361411 0.5628091

                     Fit Multivariate Measurement Error Model Using MCMC with 24-Hour Recall as Main Instrument                   13
                                                                                                 Wednesday, May 25, 2022 09:10:28 AM

                                                            sigmae_mean
                            COL11     COL12     COL13     COL14     COL15     COL16     COL17     COL18     COL19

                  ROW1  0.0991952 0.0091552 -0.113962 0.0304763 0.0470345 0.0738807  0.066324 0.0740479  0.100073
                  ROW2   -0.00347   -0.1383  -0.11559 0.0319564 0.0070815 0.1393593 0.0944505 0.1363125 0.2229445
                  ROW3  -0.094228 -0.042601 -0.044285 -0.016244 0.1585558 0.2656878 -0.066359 0.0353406 0.0609108
                  ROW4  -0.188384 -0.143873 -0.160394 0.0414536 0.3108996 0.2867891  -0.10457 -0.000622 0.1180814
                  ROW5  0.1161439 0.0443375 -0.155382 0.0452613  0.116929 0.1366714 0.6009843 0.1396115 0.2315723
                  ROW6  0.0814472 0.0479797 -0.055337 0.1751262 0.1461542 0.1116318 0.5726514 0.2494375 0.3615108
                  ROW7  0.0805079 0.0362155 -0.091279 0.1529463 0.0404798 -0.007307 -0.003772 0.0821518 0.1306635
                  ROW8  0.0576372 -0.002679 -0.026291 0.3952488 0.1600188 0.0074333 -0.023932 0.2221152 0.2513158
                  ROW9  0.3159851 0.0669425 -0.002507  0.189438 0.1992646 0.1893209 0.0735498 0.3164357 0.3361411
                  ROW10 0.2498133 -0.016565 0.1583689 0.3942487 0.3928015 0.4381243 0.1027556 0.6679772 0.5628091
                  ROW11 1.6385139  0.032029 0.0830626 0.8317641 0.6743846 0.4675016 0.0883973  0.603479 0.6745747
                  ROW12  0.032029  1.423104 0.0346481 0.4998874 0.4910732 0.4188324 0.5132602 0.5184301 0.4821745
                  ROW13 0.0830626 0.0346481 0.9672551 0.0773187 0.0804475 0.0583161  -0.05441 0.0901442 0.0359726
                  ROW14 0.8317641 0.4998874 0.0773187 1.4672275 1.1646189 0.8590885 0.3393002 0.9071289 1.0440802
                  ROW15 0.6743846 0.4910732 0.0804475 1.1646189 1.4163739  1.184887 0.2728422 0.9596242  1.054703
                  ROW16 0.4675016 0.4188324 0.0583161 0.8590885  1.184887 1.4699991 0.2493043 0.9148546 0.9679913
                  ROW17 0.0883973 0.5132602  -0.05441 0.3393002 0.2728422 0.2493043 1.0535284 0.3118788 0.5403924
                  ROW18  0.603479 0.5184301 0.0901442 0.9071289 0.9596242 0.9148546 0.3118788 1.4208353 0.9863618
                  ROW19 0.6745747 0.4821745 0.0359726 1.0440802  1.054703 0.9679913 0.5403924 0.9863618 1.1619256



                                                            sigmae_std
                        COL1      COL2      COL3      COL4      COL5      COL6      COL7      COL8      COL9     COL10

             ROW1          0         0 0.0471839 0.0917973  0.046109 0.0725507 0.0453919  0.045992 0.0539363 0.0504057
             ROW2          0 0.0805863 0.0417134 0.0908542 0.0546366 0.0537287 0.0414264 0.0548854 0.0601544 0.0401764
             ROW3  0.0471839 0.0417134         0 1.064E-19 0.0333458 0.0494848 0.0190672 0.0550314 0.0602349 0.0512852
             ROW4  0.0917973 0.0908542 1.064E-19   0.11588 0.0418586 0.0606914 0.0201548 0.0912645 0.0814586 0.0719581
             ROW5   0.046109 0.0546366 0.0333458 0.0418586         0 1.101E-18   0.01198 0.0512315 0.0553474 0.0698381
             ROW6  0.0725507 0.0537287 0.0494848 0.0606914 1.101E-18 0.0726484 0.0138684 0.0492888 0.0519277 0.0494747
             ROW7  0.0453919 0.0414264 0.0190672 0.0201548   0.01198 0.0138684         0 7.804E-19 0.0561634 0.0711506
             ROW8   0.045992 0.0548854 0.0550314 0.0912645 0.0512315 0.0492888 7.804E-19  0.076311 0.0569893 0.0498204
             ROW9  0.0539363 0.0601544 0.0602349 0.0814586 0.0553474 0.0519277 0.0561634 0.0569893 0.0762827 0.0504315
             ROW10 0.0504057 0.0401764 0.0512852 0.0719581 0.0698381 0.0494747 0.0711506 0.0498204 0.0504315 0.0652452
             ROW11 0.0557946   0.04784 0.0529894 0.0705148 0.0548216 0.0543524 0.0675496 0.0631016 0.0530625  0.050939
             ROW12 0.0565148  0.054023 0.0594198 0.0757972 0.0409368 0.0440409 0.0570374 0.0481102 0.0429405 0.0597058

                                                            sigmae_std
                            COL11     COL12     COL13     COL14     COL15     COL16     COL17     COL18     COL19

                  ROW1  0.0557946 0.0565148 0.0421426 0.0281072 0.0216667 0.0338551 0.0465288 0.0408254 0.0308484
                  ROW2    0.04784  0.054023 0.0455229 0.0348961 0.0342577  0.039236 0.0295315 0.0392401 0.0294147
                  ROW3  0.0529894 0.0594198 0.0594565 0.0438589 0.0390821 0.0404018 0.0510735 0.0414937 0.0388469
                  ROW4  0.0705148 0.0757972 0.0619416 0.0541673 0.0541988 0.0636644 0.0490622 0.0511651 0.0397622
                  ROW5  0.0548216 0.0409368 0.0459627 0.0324289 0.0287262 0.0390791 0.0261551 0.0361961 0.0273162
                  ROW6  0.0543524 0.0440409 0.0389051 0.0324223 0.0361848 0.0349395 0.0342336 0.0285916 0.0286448
                  ROW7  0.0675496 0.0570374 0.0530118  0.028701 0.0298092 0.0390937 0.0369978 0.0377291 0.0304858
                  ROW8  0.0631016 0.0481102 0.0412218 0.0417584 0.0376898 0.0382177  0.042425 0.0396931 0.0363838
                  ROW9  0.0530625 0.0429405 0.0455866 0.0454746 0.0422264 0.0432075 0.0389851 0.0477118 0.0448298
                  ROW10  0.050939 0.0597058 0.0422328  0.052914 0.0488858  0.045032 0.0449652 0.0480431 0.0444923
                  ROW11 0.0683004 0.0489827 0.0425884 0.0472704  0.043189 0.0407272 0.0515667 0.0433282  0.042947
                  ROW12 0.0489827 0.0691093 0.0407459 0.0475703 0.0413953 0.0401204 0.0417245 0.0444463 0.0395659
                     Fit Multivariate Measurement Error Model Using MCMC with 24-Hour Recall as Main Instrument                   14
                                                                                                 Wednesday, May 25, 2022 09:10:28 AM

                                                            sigmae_std
                        COL1      COL2      COL3      COL4      COL5      COL6      COL7      COL8      COL9     COL10

             ROW13 0.0421426 0.0455229 0.0594565 0.0619416 0.0459627 0.0389051 0.0530118 0.0412218 0.0455866 0.0422328
             ROW14 0.0281072 0.0348961 0.0438589 0.0541673 0.0324289 0.0324223  0.028701 0.0417584 0.0454746  0.052914
             ROW15 0.0216667 0.0342577 0.0390821 0.0541988 0.0287262 0.0361848 0.0298092 0.0376898 0.0422264 0.0488858
             ROW16 0.0338551  0.039236 0.0404018 0.0636644 0.0390791 0.0349395 0.0390937 0.0382177 0.0432075  0.045032
             ROW17 0.0465288 0.0295315 0.0510735 0.0490622 0.0261551 0.0342336 0.0369978  0.042425 0.0389851 0.0449652
             ROW18 0.0408254 0.0392401 0.0414937 0.0511651 0.0361961 0.0285916 0.0377291 0.0396931 0.0477118 0.0480431
             ROW19 0.0308484 0.0294147 0.0388469 0.0397622 0.0273162 0.0286448 0.0304858 0.0363838 0.0448298 0.0444923

                                                            sigmae_std
                            COL11     COL12     COL13     COL14     COL15     COL16     COL17     COL18     COL19

                  ROW13 0.0425884 0.0407459 0.0509521 0.0434896 0.0425602 0.0393742 0.0339811 0.0402521 0.0370689
                  ROW14 0.0472704 0.0475703 0.0434896 0.0614108 0.0461958  0.041166 0.0401989 0.0435555 0.0433958
                  ROW15  0.043189 0.0413953 0.0425602 0.0461958 0.0495245 0.0461523 0.0360644 0.0422773 0.0388039
                  ROW16 0.0407272 0.0401204 0.0393742  0.041166 0.0461523 0.0527099 0.0335236 0.0421464 0.0379364
                  ROW17 0.0515667 0.0417245 0.0339811 0.0401989 0.0360644 0.0335236 0.0422994 0.0330705 0.0331738
                  ROW18 0.0433282 0.0444463 0.0402521 0.0435555 0.0422773 0.0421464 0.0330705 0.0526479 0.0367352
                  ROW19  0.042947 0.0395659 0.0370689 0.0433958 0.0388039 0.0379364 0.0331738 0.0367352 0.0368212




                         Output from the Show Contents Statement for optional_iml_store_data = backtran_out

DATASET : WORK.BACKTRAN_OUT.DATA

 VARIABLE                          TYPE  SIZE
 --------------------------------  ----  ----
 tran_paramindex                   num      8
 tran_lambda                       num      8
 tran_center                       num      8
 tran_scale                        num      8
 minamount                         num      8

Number of Variables   : 5
Number of Observations: 15



                                               Output from the Show Storage Statement

Contents of storage library = BASELIB.IMLMCMC_S1_REP0

Matrices:
AGEC_14TO18                      AGEC_4TO8
AGEC_9TO13                       BETA10_MEAN
BETA10_STD                       BETA11_MEAN
BETA11_STD                       BETA12_MEAN
BETA12_STD                       BETA13_MEAN
BETA13_STD                       BETA14_MEAN
BETA14_STD                       BETA15_MEAN
BETA15_STD                       BETA16_MEAN
BETA16_STD                       BETA17_MEAN
BETA17_STD                       BETA18_MEAN
                     Fit Multivariate Measurement Error Model Using MCMC with 24-Hour Recall as Main Instrument                   15
                                                                                                 Wednesday, May 25, 2022 09:10:28 AM

BETA18_STD                       BETA19_MEAN
BETA19_STD                       BETA1_MEAN
BETA1_STD                        BETA2_MEAN
BETA2_STD                        BETA3_MEAN
BETA3_STD                        BETA4_MEAN
BETA4_STD                        BETA5_MEAN
BETA5_STD                        BETA6_MEAN
BETA6_STD                        BETA7_MEAN
BETA7_STD                        BETA8_MEAN
BETA8_STD                        BETA9_MEAN
BETA9_STD                        CONSTANT1
MINAMOUNT                        NUM_DAILY_DIET_COMP
NUM_EPIS_DIET_COMP               NUM_ROWS_COVMAT
R24_WEEKEND                      SEQ2
SIGMAE_MEAN                      SIGMAE_STD
SIGMAU_MEAN                      SIGMAU_STD
TRAN_CENTER                      TRAN_LAMBDA
TRAN_PARAMINDEX                  TRAN_SCALE
WEIGHT_NW_SUMW

Modules:

                                                                                             Wednesday, May 25, 2022 09:11:52 AM  16

                       Output from the Show Contents Statement for optional_input_data = optional_input_data

DATASET : WORK.OPTIONAL_INPUT_DATA.DATA

 VARIABLE                          TYPE  SIZE
 --------------------------------  ----  ----
 ADM_RNO                           num      8
 bsw0                              num      8
 sex                               num      8
 drig                              num      8
 agec_4to8                         num      8
 agec_9to13                        num      8
 agec_14to18                       num      8

Number of Variables   : 7
Number of Observations: 3107



                              **************** Output from the Show Storage Statement ****************

Contents of storage library = BASELIB.IMLMCMC_S1_REP0

Matrices:
AGEC_14TO18                      AGEC_4TO8
AGEC_9TO13                       BETA10_MEAN
BETA10_STD                       BETA11_MEAN
BETA11_STD                       BETA12_MEAN
BETA12_STD                       BETA13_MEAN
BETA13_STD                       BETA14_MEAN
BETA14_STD                       BETA15_MEAN
BETA15_STD                       BETA16_MEAN
BETA16_STD                       BETA17_MEAN
BETA17_STD                       BETA18_MEAN
BETA18_STD                       BETA19_MEAN
BETA19_STD                       BETA1_MEAN
BETA1_STD                        BETA2_MEAN
BETA2_STD                        BETA3_MEAN
BETA3_STD                        BETA4_MEAN
BETA4_STD                        BETA5_MEAN
BETA5_STD                        BETA6_MEAN
BETA6_STD                        BETA7_MEAN
BETA7_STD                        BETA8_MEAN
BETA8_STD                        BETA9_MEAN
BETA9_STD                        CONSTANT1
MINAMOUNT                        NUM_DAILY_DIET_COMP
NUM_EPIS_DIET_COMP               NUM_ROWS_COVMAT
R24_WEEKEND                      SEQ2
SIGMAE_MEAN                      SIGMAE_STD
SIGMAU_MEAN                      SIGMAU_STD
TRAN_CENTER                      TRAN_LAMBDA
TRAN_PARAMINDEX                  TRAN_SCALE
WEIGHT_NW_SUMW

Modules:

                                                                                             Wednesday, May 25, 2022 09:11:52 AM  17

                                   **************** Stored Values and Dimensions ****************


                                       NUM_EPIS_DIET_COMP NUM_DAILY_DIET_COMP NUM_ROWS_COVMAT

                                                        4                  11              19


                                                       Number of Individuals

                                                                        3107


                                       Macro Parameter:  set_number_monte_carlo_rand_obs  100

                                                                                             Wednesday, May 25, 2022 09:14:08 AM  18
                                                                  
                                                                  
                 Consumption-Day Indicators for Episodically Consumed Components and Standardized Recall Variables

                                                        The MEANS Procedure

                                                 N
                  Variable               N    Miss            Mean         Std Dev         Minimum         Maximum
                  ƒƒƒƒƒƒƒƒƒƒƒƒƒƒƒƒƒƒƒƒƒƒƒƒƒƒƒƒƒƒƒƒƒƒƒƒƒƒƒƒƒƒƒƒƒƒƒƒƒƒƒƒƒƒƒƒƒƒƒƒƒƒƒƒƒƒƒƒƒƒƒƒƒƒƒƒƒƒƒƒƒƒƒƒƒƒƒƒƒƒƒƒƒƒƒƒ
                  conday_wg           4653       0       0.5796260       0.4936720               0       1.0000000
                  conday_pfpb         4653       0       0.2523103       0.4343851               0       1.0000000
                  conday_otherbevs    4653       0       0.7019127       0.4574672               0       1.0000000
                  conday_milk         4653       0       0.7087900       0.4543689               0       1.0000000
                  stdbc_wg            4653       0    6.871787E-18       1.0766018      -6.7016667       5.7070446
                  stdbc_pfpb          4653       0    1.723673E-16       0.7101403      -4.0201665       5.5483995
                  stdbc_otherbevs     4653       0    -1.01512E-15       1.1847773      -4.1646233       7.0659326
                  stdbc_milk          4653       0    -1.43544E-15       1.1905691      -3.3002219       6.1771734
                  stdbc_vf            4653       0    5.192017E-15       1.4142136      -3.3636141       7.0988737
                  stdbc_rg            4653       0    -1.45682E-15       1.4142136      -4.0566875       5.5741814
                  stdbc_pfab          4653       0    -2.39782E-15       1.4142136      -3.5689767       5.0550855
                  stdbc_otherfoods    4653       0    -4.19943E-17       1.4142136      -3.5044140       8.5106612
                  stdbc_water         4653       0    1.551497E-15       1.4142136      -3.0901380       6.3166126
                  stdbc_sfa           4653       0    -1.80041E-15       1.4142136      -8.5343090       5.6477008
                  stdbc_mufa          4653       0    7.134442E-15       1.4142136      -8.9910327       5.2997169
                  stdbc_pufa          4653       0    -9.98394E-15       1.4142136      -7.9381595       7.6210664
                  stdbc_freesugars    4653       0    -4.45139E-15       1.4142136      -4.4074770       7.0144904
                  stdbc_sodium        4653       0    1.902569E-14       1.4142136      -7.7465943       6.0225220
                  stdbc_energy        4653       0    -7.73763E-15       1.4142136      -7.1659059       5.6538375
                  ƒƒƒƒƒƒƒƒƒƒƒƒƒƒƒƒƒƒƒƒƒƒƒƒƒƒƒƒƒƒƒƒƒƒƒƒƒƒƒƒƒƒƒƒƒƒƒƒƒƒƒƒƒƒƒƒƒƒƒƒƒƒƒƒƒƒƒƒƒƒƒƒƒƒƒƒƒƒƒƒƒƒƒƒƒƒƒƒƒƒƒƒƒƒƒƒ
                                                                                             Wednesday, May 25, 2022 09:14:08 AM  19
                                                                  
                                                                  
                                                 Variables for Back-Transformation

                                            tran_       tran_       tran_     tran_
                                  Obs    paramindex    lambda      center     scale     minamount

                                    1         1         0.15       0.0307    0.55584      0.0023 
                                    2         2         0.18      -0.1842    0.70281      0.0066 
                                    3         3         0.45      30.0473    7.29531      0.3478 
                                    4         4         0.48      28.1487    8.74940      0.2047 
                                    5         5         0.45       0.9107    0.90017      0.0011 
                                    6         6         0.26       0.4703    0.81518      0.0058 
                                    7         7         0.33       0.3487    0.82678      0.0027 
                                    8         8         0.29       0.9504    1.07316      0.0030 
                                    9         9         0.38      25.1567    8.54044      0.1889 
                                   10        10         0.11       3.4277    0.58568      0.0891 
                                   11        11         0.20       3.9807    0.73257      0.0252 
                                   12        12         0.13       2.6658    0.60266      0.0839 
                                   13        13         0.38       9.1971    2.59243      0.0072 
                                   14        14         0.28      26.9251    3.06915      4.7827 
                                   15        15         0.18      15.2975    1.06539     61.7168 
                     Fit Multivariate Measurement Error Model Using MCMC with 24-Hour Recall as Main Instrument                   20
                                                                                                 Wednesday, May 25, 2022 09:14:08 AM

                                                            MCMC Output




   beta1_mean beta1_std beta2_mean beta2_std beta3_mean beta3_std beta4_mean beta4_std beta5_mean beta5_std beta6_mean beta6_std

    0.5467915 0.0916288  -0.680154 0.0963862  -0.362407  0.091061  -0.177948 0.1415936  0.2064272 0.1024596  -0.938466 0.0968082
    -0.029126  0.059315  0.0764941 0.0695545  -0.029513 0.0624692  0.0153427 0.1028986  -0.143213 0.0640733  -0.231218 0.0539289
    -0.242758 0.0578267  -0.080766 0.0683555  -0.069792 0.0640484  -0.000705 0.0995203  0.1287004 0.0628131  0.0497177 0.0531035
    0.0427492 0.1054155  0.4714609 0.1119164   -0.30317 0.1010268  0.2021353 0.1652258  0.5059546 0.1243371  0.3680487 0.1129206
    -0.234715 0.1011654  0.8189469 0.1066615  -0.433715 0.1011559  0.2198508 0.1608663  0.6407143 0.1191526  0.8819566 0.1029713
    -0.356859 0.1055779  0.8628143   0.11303  -0.391409 0.1009708  0.4650593 0.1502914  0.3597435 0.1123507  0.9166405 0.1042119

beta7_mean beta7_std beta8_mean beta8_std beta9_mean beta9_std beta10_mean beta10_std beta11_mean beta11_std beta12_mean beta12_std

 2.0866345 0.2058973  0.2449109 0.0931765  0.1120238 0.0759931   -0.428079  0.0666599   -0.128307  0.0663539   -0.879293  0.0722289
 0.2039561  0.071412  0.0876293 0.0521631  -0.055081 0.0421172   -0.134258  0.0430743   0.0218835  0.0446503   -0.104403  0.0436651
 -0.202289 0.0682926   -0.25413 0.0532707  -0.126999  0.043729   0.1389866  0.0407648   0.0615702  0.0450179    0.113706  0.0433129
 -0.831797  0.205275  -0.331616 0.1132298  0.0333682 0.0913998   0.5193895  0.0772545   0.0949742  0.0787279   0.6894529  0.0814364
 -1.348501 0.2011778  -0.411833 0.1119072  -0.017679  0.089543   0.7081375  0.0762456   0.1068171  0.0789316   0.9850955   0.082628
 -1.669782 0.2064688  -0.648766 0.1171292  -0.057662 0.0871896   0.4130724  0.0761618   0.1966039  0.0793292    0.882874  0.0776415

   beta13_mean beta13_std beta14_mean beta14_std beta15_mean beta15_std beta16_mean beta16_std beta17_mean beta17_std beta18_mean

     -0.579101   0.078585   -0.414872  0.0656948    -0.72076  0.0641936   -0.790522  0.0659018   -0.684395  0.0702923   -0.878536
     -0.148795  0.0370404   -0.115406  0.0459303   -0.114698  0.0459529   -0.085289  0.0446209   -0.225333  0.0411356   -0.136122
      -0.01917  0.0397352   0.1309276  0.0407036   0.1862505  0.0387594   0.1058232  0.0411574   0.0966719  0.0403842   0.0725168
     0.2649521  0.0942105   0.2705589  0.0740386   0.4505101  0.0703523   0.5435786  0.0716064   0.6153264  0.0789078   0.7587506
     0.5815711  0.0915617   0.5283822  0.0830365   0.8181374  0.0769771   0.9253586  0.0795808   0.9345019  0.0841704   1.1649507
      1.159135  0.0902278   0.4336625  0.0763464    0.843664  0.0713275   0.9601548  0.0714751   0.6506735  0.0777736    1.052177

                                                 beta18_std beta19_mean beta19_std

                                                  0.0648006   -0.795958  0.0648638
                                                  0.0453646   -0.184872  0.0443577
                                                    0.03929   0.0786967  0.0373128
                                                  0.0743767   0.6844328  0.0689524
                                                   0.076901   1.1152176  0.0798613
                                                  0.0729112   0.9353103  0.0720919



                                                            sigmau_mean
                        COL1      COL2      COL3      COL4      COL5      COL6      COL7      COL8      COL9     COL10

             ROW1  0.4224996 0.0928101 0.2145303 -0.106611  -0.13664 -0.170097 0.2445567  0.149763 0.1836473 -0.147615
             ROW2  0.0928101 0.2661287 0.0860206 0.0317277 -0.046923 -0.033675  0.128761 0.1223259 0.0419223 0.0130084
             ROW3  0.2145303 0.0860206 0.3588789 -0.017314 -0.082853 -0.118691 0.0917392 0.0356228 0.2153971 -0.032752
             ROW4  -0.106611 0.0317277 -0.017314 0.3335183 0.1810004 0.1967351 0.0006991 0.0758354 0.0373841 0.1689372
             ROW5   -0.13664 -0.046923 -0.082853 0.1810004 0.7487744 0.5325793 -0.167086 -0.181929 -0.045763  0.133468
             ROW6  -0.170097 -0.033675 -0.118691 0.1967351 0.5325793 0.5994718 -0.121651 -0.080987 -0.085596 0.1504193
             ROW7  0.2445567  0.128761 0.0917392 0.0006991 -0.167086 -0.121651 0.9193317 0.7322818 -0.009856 -0.041344
             ROW8   0.149763 0.1223259 0.0356228 0.0758354 -0.181929 -0.080987 0.7322818 0.9375392 -0.033453 -0.002185
             ROW9  0.1836473 0.0419223 0.2153971 0.0373841 -0.045763 -0.085596 -0.009856 -0.033453 0.5440893 -0.036317
             ROW10 -0.147615 0.0130084 -0.032752 0.1689372  0.133468 0.1504193 -0.041344 -0.002185 -0.036317 0.2964223
             ROW11 -0.071713  -0.03049 -0.022829 0.0647713  0.011892 0.0350505 -0.110922 -0.053619 0.0833351 0.0488619
                     Fit Multivariate Measurement Error Model Using MCMC with 24-Hour Recall as Main Instrument                   21
                                                                                                 Wednesday, May 25, 2022 09:39:40 AM

                                                            sigmau_mean
                        COL1      COL2      COL3      COL4      COL5      COL6      COL7      COL8      COL9     COL10

             ROW12 -0.102398 -0.056079 -0.077518 0.0909146 0.1493796 0.1561386   -0.0471 -0.021146 0.0541351 0.0494046
             ROW13 0.1004708 0.0629317 0.1144547 -0.014821 -0.216401  -0.21301 -0.102962 -0.139838  0.201064 -0.013946
             ROW14 -0.059804 0.0298199 -0.039786 0.1987514 0.1324975 0.1774902  0.134621 0.2050409 0.1262168 0.1460637
             ROW15 -0.118819 0.0262681 -0.029418 0.1935089 0.1296963 0.1800838 -0.042896 0.0309089  0.088215 0.1716427
             ROW16 -0.091002 0.0236455 0.0098517 0.1861377 0.1218431 0.1524389 -0.081332 -0.023298 0.1478743 0.1538938
             ROW17 -0.069362 -0.006841 -0.045251 0.1831585  0.554335 0.4800943 -0.040722 -0.050012 0.0300496 0.1170937
             ROW18 -0.116753  0.010805 -0.042212 0.1894035 0.1663897 0.2023044 -0.038812 0.0409337  0.018784 0.1754559
             ROW19 -0.048944 0.0602736 0.0201363 0.2452025 0.2501148 0.2750619 0.0616001 0.1371132 0.1572978 0.1902282

                                                            sigmau_mean
                            COL11     COL12     COL13     COL14     COL15     COL16     COL17     COL18     COL19

                  ROW1  -0.071713 -0.102398 0.1004708 -0.059804 -0.118819 -0.091002 -0.069362 -0.116753 -0.048944
                  ROW2   -0.03049 -0.056079 0.0629317 0.0298199 0.0262681 0.0236455 -0.006841  0.010805 0.0602736
                  ROW3  -0.022829 -0.077518 0.1144547 -0.039786 -0.029418 0.0098517 -0.045251 -0.042212 0.0201363
                  ROW4  0.0647713 0.0909146 -0.014821 0.1987514 0.1935089 0.1861377 0.1831585 0.1894035 0.2452025
                  ROW5   0.011892 0.1493796 -0.216401 0.1324975 0.1296963 0.1218431  0.554335 0.1663897 0.2501148
                  ROW6  0.0350505 0.1561386  -0.21301 0.1774902 0.1800838 0.1524389 0.4800943 0.2023044 0.2750619
                  ROW7  -0.110922   -0.0471 -0.102962  0.134621 -0.042896 -0.081332 -0.040722 -0.038812 0.0616001
                  ROW8  -0.053619 -0.021146 -0.139838 0.2050409 0.0309089 -0.023298 -0.050012 0.0409337 0.1371132
                  ROW9  0.0833351 0.0541351  0.201064 0.1262168  0.088215 0.1478743 0.0300496  0.018784 0.1572978
                  ROW10 0.0488619 0.0494046 -0.013946 0.1460637 0.1716427 0.1538938 0.1170937 0.1754559 0.1902282
                  ROW11 0.2238608 0.0622796 0.0752857 0.1046772 0.1234077 0.1171171 0.0117998 0.1068467 0.1043437
                  ROW12 0.0622796 0.2612748  0.042661 0.1651138 0.1393625 0.1488746 0.1917951 0.1138564 0.1577671
                  ROW13 0.0752857  0.042661 0.7788127 0.0272541 0.0918473 0.1519396 -0.162098 0.0322592 0.0126123
                  ROW14 0.1046772 0.1651138 0.0272541 0.3838078 0.2617012 0.2383517 0.2130613 0.2093866 0.3240058
                  ROW15 0.1234077 0.1393625 0.0918473 0.2617012 0.3123813 0.2736699 0.1578748 0.2197725 0.2835824
                  ROW16 0.1171171 0.1488746 0.1519396 0.2383517 0.2736699 0.3394453  0.149204 0.2103818 0.2785522
                  ROW17 0.0117998 0.1917951 -0.162098 0.2130613 0.1578748  0.149204 0.5829443 0.1679843 0.3030926
                  ROW18 0.1068467 0.1138564 0.0322592 0.2093866 0.2197725 0.2103818 0.1679843 0.2849493 0.2503143
                  ROW19 0.1043437 0.1577671 0.0126123 0.3240058 0.2835824 0.2785522 0.3030926 0.2503143 0.4178783



                                                            sigmau_std
                        COL1      COL2      COL3      COL4      COL5      COL6      COL7      COL8      COL9     COL10

             ROW1  0.0868337  0.056829 0.0471895 0.0751963 0.0536839 0.0477039  0.064125 0.0588351 0.0561777 0.0464868
             ROW2   0.056829 0.0708897 0.0456008 0.0549619 0.0520432 0.0512047 0.0688001 0.0647723 0.0500265 0.0449812
             ROW3  0.0471895 0.0456008 0.0770113 0.0584523 0.0601397 0.0539219 0.0649048 0.0578998  0.048938 0.0419409
             ROW4  0.0751963 0.0549619 0.0584523 0.0904948 0.1001457 0.0905306 0.0816012 0.0697371 0.0775583   0.05071
             ROW5  0.0536839 0.0520432 0.0601397 0.1001457 0.1422665 0.0871794 0.0686085 0.0683107  0.057463 0.0451165
             ROW6  0.0477039 0.0512047 0.0539219 0.0905306 0.0871794 0.0927775 0.0623015 0.0594987 0.0548014 0.0451399
             ROW7   0.064125 0.0688001 0.0649048 0.0816012 0.0686085 0.0623015 0.1989971 0.1202143 0.0610003 0.0535464
             ROW8  0.0588351 0.0647723 0.0578998 0.0697371 0.0683107 0.0594987 0.1202143 0.1081368 0.0565987 0.0547127
             ROW9  0.0561777 0.0500265  0.048938 0.0775583  0.057463 0.0548014 0.0610003 0.0565987 0.0663929 0.0424019
             ROW10 0.0464868 0.0449812 0.0419409   0.05071 0.0451165 0.0451399 0.0535464 0.0547127 0.0424019 0.0568344
             ROW11 0.0429708 0.0463102 0.0426449 0.0501482 0.0591494 0.0501069 0.0529007 0.0510332 0.0489996 0.0369123
             ROW12 0.0421646 0.0425804 0.0463661 0.0536992 0.0499443 0.0486713 0.0618441 0.0595528 0.0528328 0.0380797
             ROW13 0.0479601 0.0670588 0.0542764 0.0699071 0.0643576 0.0515173 0.0621377 0.0527024 0.0456253 0.0457678
             ROW14 0.0501241 0.0498323 0.0469417 0.0599922 0.0607941 0.0478901 0.0673676 0.0609871 0.0526791 0.0433602
             ROW15 0.0505117 0.0460667 0.0433639 0.0502971  0.048195 0.0407464 0.0570332 0.0543308 0.0495766 0.0369233
             ROW16 0.0523426  0.049652  0.049146 0.0499041 0.0475356 0.0452555  0.060171 0.0520922 0.0535648 0.0373524
             ROW17 0.0444114 0.0532704 0.0509425 0.0883214 0.0795396 0.0704278 0.0598709 0.0603114 0.0548081 0.0466576
                     Fit Multivariate Measurement Error Model Using MCMC with 24-Hour Recall as Main Instrument                   22
                                                                                                 Wednesday, May 25, 2022 09:39:40 AM

                                                            sigmau_std
                        COL1      COL2      COL3      COL4      COL5      COL6      COL7      COL8      COL9     COL10

             ROW18 0.0458695 0.0421498 0.0417056 0.0411597 0.0506307 0.0437028 0.0522931 0.0541841 0.0451026 0.0439084
             ROW19 0.0520284 0.0466724  0.048208 0.0594191 0.0567914 0.0519623 0.0653052 0.0574396 0.0543429 0.0461565

                                                            sigmau_std
                            COL11     COL12     COL13     COL14     COL15     COL16     COL17     COL18     COL19

                  ROW1  0.0429708 0.0421646 0.0479601 0.0501241 0.0505117 0.0523426 0.0444114 0.0458695 0.0520284
                  ROW2  0.0463102 0.0425804 0.0670588 0.0498323 0.0460667  0.049652 0.0532704 0.0421498 0.0466724
                  ROW3  0.0426449 0.0463661 0.0542764 0.0469417 0.0433639  0.049146 0.0509425 0.0417056  0.048208
                  ROW4  0.0501482 0.0536992 0.0699071 0.0599922 0.0502971 0.0499041 0.0883214 0.0411597 0.0594191
                  ROW5  0.0591494 0.0499443 0.0643576 0.0607941  0.048195 0.0475356 0.0795396 0.0506307 0.0567914
                  ROW6  0.0501069 0.0486713 0.0515173 0.0478901 0.0407464 0.0452555 0.0704278 0.0437028 0.0519623
                  ROW7  0.0529007 0.0618441 0.0621377 0.0673676 0.0570332  0.060171 0.0598709 0.0522931 0.0653052
                  ROW8  0.0510332 0.0595528 0.0527024 0.0609871 0.0543308 0.0520922 0.0603114 0.0541841 0.0574396
                  ROW9  0.0489996 0.0528328 0.0456253 0.0526791 0.0495766 0.0535648 0.0548081 0.0451026 0.0543429
                  ROW10 0.0369123 0.0380797 0.0457678 0.0433602 0.0369233 0.0373524 0.0466576 0.0439084 0.0461565
                  ROW11 0.0585404 0.0408345 0.0535768 0.0479297 0.0449212 0.0460134 0.0510676 0.0391735 0.0484556
                  ROW12 0.0408345 0.0566675 0.0495173  0.050075  0.043245  0.045587 0.0550537  0.037451 0.0503355
                  ROW13 0.0535768 0.0495173 0.0619224 0.0425778 0.0401288 0.0434324 0.0491183 0.0432325 0.0422343
                  ROW14 0.0479297  0.050075 0.0425778 0.0583272 0.0485201 0.0468136 0.0570415 0.0421879 0.0533161
                  ROW15 0.0449212  0.043245 0.0401288 0.0485201 0.0512025 0.0488312 0.0447954 0.0401979 0.0501508
                  ROW16 0.0460134  0.045587 0.0434324 0.0468136 0.0488312 0.0533103 0.0489947 0.0400753 0.0512147
                  ROW17 0.0510676 0.0550537 0.0491183 0.0570415 0.0447954 0.0489947 0.0716371  0.043538 0.0555611
                  ROW18 0.0391735  0.037451 0.0432325 0.0421879 0.0401979 0.0400753  0.043538 0.0471063 0.0444803
                  ROW19 0.0484556 0.0503355 0.0422343 0.0533161 0.0501508 0.0512147 0.0555611 0.0444803 0.0582978



                                                            sigmae_mean
                        COL1      COL2      COL3      COL4      COL5      COL6      COL7      COL8      COL9     COL10

             ROW1          1         0 0.0917569 0.1509522 -0.036393 0.0906681 0.0412102 0.0594425 -0.044066 -0.376666
             ROW2          0 1.7350366 0.1302091 0.0660842 -0.028197 0.0747399 0.0305847 -0.033222 0.0200743 -0.196262
             ROW3  0.0917569 0.1302091         1 -4.34E-21 -0.021659 -0.026452 0.0154092  -0.01461 0.0978614 -0.016592
             ROW4  0.1509522 0.0660842 -4.34E-21 1.7023812 -0.036083 0.0427868 0.0029286 -0.116984 -0.163453 -0.051152
             ROW5  -0.036393 -0.028197 -0.021659 -0.036083         1 4.175E-20 -0.007268 -0.038392 -0.085049 0.0307029
             ROW6  0.0906681 0.0747399 -0.026452 0.0427868 4.175E-20 1.3503874 0.0004803 -0.103398 0.0452478 0.0348072
             ROW7  0.0412102 0.0305847 0.0154092 0.0029286 -0.007268 0.0004803         1 7.491E-21 0.1237608 0.0870557
             ROW8  0.0594425 -0.033222  -0.01461 -0.116984 -0.038392 -0.103398 7.491E-21 1.0934554 0.0546735 0.1361199
             ROW9  -0.044066 0.0200743 0.0978614 -0.163453 -0.085049 0.0452478 0.1237608 0.0546735 1.3655575 0.0426352
             ROW10 -0.376666 -0.196262 -0.016592 -0.051152 0.0307029 0.0348072 0.0870557 0.1361199 0.0426352 1.4408951
             ROW11 0.0494378 0.1146639 -0.102849 -0.321275 -0.071034 0.0511983 0.2075219 0.0644467  0.277094 0.1872049
             ROW12 0.0408514 0.0553602 -0.015781   0.08584 0.1025573 0.1480054 0.1416524 0.1544877 -0.062393 0.1553332
             ROW13 0.0750735 0.0679116 0.0669876 -0.046801 -0.219307 0.0100243 -0.060516 -0.123041  0.143787 0.0755923
             ROW14 0.1453393 0.2535903  0.136032 0.0223962 0.0065797 0.1976419 0.3183201 0.3968552 0.0736282  0.316665
             ROW15 0.1127074 0.2379659 0.3064389 0.3586094 0.0166557 0.1568151 0.2533824 0.2974792 0.1864645  0.311628
             ROW16 0.1814841 0.3035697 0.3778755  0.464584  0.034548 0.1788793 0.1179747 0.1509881 0.1677349 0.3506127
             ROW17  0.065945 0.1090362 -0.012995 -0.009848 0.5745344 0.7309293 0.0722519 0.0605593 -0.054304 0.1618918
             ROW18 0.1788048 0.2850243 0.1050254 0.0661887 -0.013667 0.1923801 0.2089193 0.2905007 0.3049661 0.5769149
             ROW19 0.1757907 0.4232167 0.2141714 0.1353528 0.1570859 0.3990303 0.2700846 0.3778835 0.3293624 0.5126599

                     Fit Multivariate Measurement Error Model Using MCMC with 24-Hour Recall as Main Instrument                   23
                                                                                                 Wednesday, May 25, 2022 09:39:40 AM

                                                            sigmae_mean
                            COL11     COL12     COL13     COL14     COL15     COL16     COL17     COL18     COL19

                  ROW1  0.0494378 0.0408514 0.0750735 0.1453393 0.1127074 0.1814841  0.065945 0.1788048 0.1757907
                  ROW2  0.1146639 0.0553602 0.0679116 0.2535903 0.2379659 0.3035697 0.1090362 0.2850243 0.4232167
                  ROW3  -0.102849 -0.015781 0.0669876  0.136032 0.3064389 0.3778755 -0.012995 0.1050254 0.2141714
                  ROW4  -0.321275   0.08584 -0.046801 0.0223962 0.3586094  0.464584 -0.009848 0.0661887 0.1353528
                  ROW5  -0.071034 0.1025573 -0.219307 0.0065797 0.0166557  0.034548 0.5745344 -0.013667 0.1570859
                  ROW6  0.0511983 0.1480054 0.0100243 0.1976419 0.1568151 0.1788793 0.7309293 0.1923801 0.3990303
                  ROW7  0.2075219 0.1416524 -0.060516 0.3183201 0.2533824 0.1179747 0.0722519 0.2089193 0.2700846
                  ROW8  0.0644467 0.1544877 -0.123041 0.3968552 0.2974792 0.1509881 0.0605593 0.2905007 0.3778835
                  ROW9   0.277094 -0.062393  0.143787 0.0736282 0.1864645 0.1677349 -0.054304 0.3049661 0.3293624
                  ROW10 0.1872049 0.1553332 0.0755923  0.316665  0.311628 0.3506127 0.1618918 0.5769149 0.5126599
                  ROW11 1.7594079  -0.04729  0.034908 0.7390831 0.6111427  0.354449 -0.013628 0.6422415 0.5735816
                  ROW12  -0.04729 1.7657765 -0.023092 0.7473517 0.6349835 0.4765929 0.9125581 0.6659393 0.8054583
                  ROW13  0.034908 -0.023092 0.8947827 -0.004269 0.0308617 0.0502357 -0.071047 0.0727573 0.0376745
                  ROW14 0.7390831 0.7473517 -0.004269 1.5538917 1.2232383 0.8462586 0.5876588 0.9010327 1.2116306
                  ROW15 0.6111427 0.6349835 0.0308617 1.2232383 1.5325983 1.2169832 0.4435899 0.9582237 1.1951273
                  ROW16  0.354449 0.4765929 0.0502357 0.8462586 1.2169832 1.4795416 0.3822721 0.8726576 1.0163729
                  ROW17 -0.013628 0.9125581 -0.071047 0.5876588 0.4435899 0.3822721 1.3751477 0.3888005 0.8280619
                  ROW18 0.6422415 0.6659393 0.0727573 0.9010327 0.9582237 0.8726576 0.3888005  1.475886 1.0523208
                  ROW19 0.5735816 0.8054583 0.0376745 1.2116306 1.1951273 1.0163729 0.8280619 1.0523208 1.4383692



                                                            sigmae_std
                        COL1      COL2      COL3      COL4      COL5      COL6      COL7      COL8      COL9     COL10

             ROW1          0         0 0.0382728 0.1114992 0.0376412 0.0443358 0.0384484 0.0490517 0.0482657 0.0523519
             ROW2          0 0.1004223 0.0526848 0.0902518 0.0391012 0.0589437 0.0448864 0.0614929 0.0553271 0.0585774
             ROW3  0.0382728 0.0526848         0 3.131E-19 0.0314692  0.055284 0.0268114 0.0593049 0.0576747 0.0497128
             ROW4  0.1114992 0.0902518 3.131E-19 0.1442938 0.0464576 0.0867049 0.0286705 0.0889798 0.0845036 0.0696222
             ROW5  0.0376412 0.0391012 0.0314692 0.0464576         0 5.166E-19 0.0190134 0.0636538 0.0525322 0.0494281
             ROW6  0.0443358 0.0589437  0.055284 0.0867049 5.166E-19 0.0849681 0.0164162  0.055238 0.0557356 0.0432445
             ROW7  0.0384484 0.0448864 0.0268114 0.0286705 0.0190134 0.0164162         0 4.904E-19 0.0625318 0.0612385
             ROW8  0.0490517 0.0614929 0.0593049 0.0889798 0.0636538  0.055238 4.904E-19 0.0906035 0.0444189 0.0466439
             ROW9  0.0482657 0.0553271 0.0576747 0.0845036 0.0525322 0.0557356 0.0625318 0.0444189 0.0651524 0.0422288
             ROW10 0.0523519 0.0585774 0.0497128 0.0696222 0.0494281 0.0432445 0.0612385 0.0466439 0.0422288 0.0634323
             ROW11 0.0585798 0.0553251 0.0499699 0.0991922 0.0642375 0.0583305 0.0624783 0.0510373 0.0543141 0.0448687
             ROW12 0.0445807 0.0475222 0.0567888 0.0722132 0.0452397 0.0518438 0.0657238 0.0572249 0.0526503 0.0443686

                                                            sigmae_std
                            COL11     COL12     COL13     COL14     COL15     COL16     COL17     COL18     COL19

                  ROW1  0.0585798 0.0445807 0.0428476 0.0547629 0.0621337 0.0636318 0.0298691 0.0572171 0.0508638
                  ROW2  0.0553251 0.0475222 0.0614992 0.0476617 0.0508313 0.0558385 0.0482745 0.0483287 0.0375807
                  ROW3  0.0499699 0.0567888 0.0555319 0.0406541    0.0341 0.0481399 0.0461112  0.042788 0.0422091
                  ROW4  0.0991922 0.0722132 0.0789899 0.0741437 0.0621199 0.0663849 0.0554055 0.0652707 0.0624378
                  ROW5  0.0642375 0.0452397 0.0629656 0.0511497 0.0452079 0.0389431 0.0367615 0.0435317 0.0480526
                  ROW6  0.0583305 0.0518438 0.0454051 0.0388758  0.032939 0.0416016 0.0506214 0.0443087 0.0400569
                  ROW7  0.0624783 0.0657238 0.0537833  0.059533 0.0548232 0.0529046 0.0402897 0.0620232 0.0595587
                  ROW8  0.0510373 0.0572249 0.0416566 0.0604029 0.0506045 0.0428076 0.0485565 0.0492876 0.0464677
                  ROW9  0.0543141 0.0526503  0.039908 0.0538315 0.0490563  0.050556 0.0527273 0.0466678  0.051169
                  ROW10 0.0448687 0.0443686 0.0395153 0.0427185 0.0353273 0.0369815 0.0408746 0.0449538 0.0395573
                  ROW11 0.0770622 0.0531141 0.0517776 0.0586508 0.0537809 0.0509727 0.0524598 0.0469406 0.0539452
                  ROW12 0.0531141 0.0714047 0.0489096 0.0571403 0.0504114   0.05014 0.0549933 0.0464554 0.0507624
                     Fit Multivariate Measurement Error Model Using MCMC with 24-Hour Recall as Main Instrument                   24
                                                                                                 Wednesday, May 25, 2022 09:39:40 AM

                                                            sigmae_std
                        COL1      COL2      COL3      COL4      COL5      COL6      COL7      COL8      COL9     COL10

             ROW13 0.0428476 0.0614992 0.0555319 0.0789899 0.0629656 0.0454051 0.0537833 0.0416566  0.039908 0.0395153
             ROW14 0.0547629 0.0476617 0.0406541 0.0741437 0.0511497 0.0388758  0.059533 0.0604029 0.0538315 0.0427185
             ROW15 0.0621337 0.0508313    0.0341 0.0621199 0.0452079  0.032939 0.0548232 0.0506045 0.0490563 0.0353273
             ROW16 0.0636318 0.0558385 0.0481399 0.0663849 0.0389431 0.0416016 0.0529046 0.0428076  0.050556 0.0369815
             ROW17 0.0298691 0.0482745 0.0461112 0.0554055 0.0367615 0.0506214 0.0402897 0.0485565 0.0527273 0.0408746
             ROW18 0.0572171 0.0483287  0.042788 0.0652707 0.0435317 0.0443087 0.0620232 0.0492876 0.0466678 0.0449538
             ROW19 0.0508638 0.0375807 0.0422091 0.0624378 0.0480526 0.0400569 0.0595587 0.0464677  0.051169 0.0395573

                                                            sigmae_std
                            COL11     COL12     COL13     COL14     COL15     COL16     COL17     COL18     COL19

                  ROW13 0.0517776 0.0489096 0.0487367 0.0397992 0.0377984 0.0389883 0.0438707 0.0370336 0.0378989
                  ROW14 0.0586508 0.0571403 0.0397992 0.0583107 0.0430524 0.0374335  0.050873 0.0439083 0.0420276
                  ROW15 0.0537809 0.0504114 0.0377984 0.0430524 0.0485406 0.0437852  0.038852 0.0428558 0.0400329
                  ROW16 0.0509727   0.05014 0.0389883 0.0374335 0.0437852 0.0505274 0.0420359  0.041321 0.0420868
                  ROW17 0.0524598 0.0549933 0.0438707  0.050873  0.038852 0.0420359 0.0570544 0.0418563 0.0422378
                  ROW18 0.0469406 0.0464554 0.0370336 0.0439083 0.0428558  0.041321 0.0418563 0.0548282 0.0441356
                  ROW19 0.0539452 0.0507624 0.0378989 0.0420276 0.0400329 0.0420868 0.0422378 0.0441356 0.0418438




                         Output from the Show Contents Statement for optional_iml_store_data = backtran_out

DATASET : WORK.BACKTRAN_OUT.DATA

 VARIABLE                          TYPE  SIZE
 --------------------------------  ----  ----
 tran_paramindex                   num      8
 tran_lambda                       num      8
 tran_center                       num      8
 tran_scale                        num      8
 minamount                         num      8

Number of Variables   : 5
Number of Observations: 15



                                               Output from the Show Storage Statement

Contents of storage library = BASELIB.IMLMCMC_S2_REP0

Matrices:
AGEC_14TO18                      AGEC_4TO8
AGEC_9TO13                       BETA10_MEAN
BETA10_STD                       BETA11_MEAN
BETA11_STD                       BETA12_MEAN
BETA12_STD                       BETA13_MEAN
BETA13_STD                       BETA14_MEAN
BETA14_STD                       BETA15_MEAN
BETA15_STD                       BETA16_MEAN
BETA16_STD                       BETA17_MEAN
BETA17_STD                       BETA18_MEAN
                     Fit Multivariate Measurement Error Model Using MCMC with 24-Hour Recall as Main Instrument                   25
                                                                                                 Wednesday, May 25, 2022 09:39:40 AM

BETA18_STD                       BETA19_MEAN
BETA19_STD                       BETA1_MEAN
BETA1_STD                        BETA2_MEAN
BETA2_STD                        BETA3_MEAN
BETA3_STD                        BETA4_MEAN
BETA4_STD                        BETA5_MEAN
BETA5_STD                        BETA6_MEAN
BETA6_STD                        BETA7_MEAN
BETA7_STD                        BETA8_MEAN
BETA8_STD                        BETA9_MEAN
BETA9_STD                        CONSTANT1
MINAMOUNT                        NUM_DAILY_DIET_COMP
NUM_EPIS_DIET_COMP               NUM_ROWS_COVMAT
R24_WEEKEND                      SEQ2
SIGMAE_MEAN                      SIGMAE_STD
SIGMAU_MEAN                      SIGMAU_STD
TRAN_CENTER                      TRAN_LAMBDA
TRAN_PARAMINDEX                  TRAN_SCALE
WEIGHT_NW_SUMW

Modules:

                                                                                             Wednesday, May 25, 2022 09:41:08 AM  26

                       Output from the Show Contents Statement for optional_input_data = optional_input_data

DATASET : WORK.OPTIONAL_INPUT_DATA.DATA

 VARIABLE                          TYPE  SIZE
 --------------------------------  ----  ----
 ADM_RNO                           num      8
 bsw0                              num      8
 sex                               num      8
 drig                              num      8
 agec_4to8                         num      8
 agec_9to13                        num      8
 agec_14to18                       num      8

Number of Variables   : 7
Number of Observations: 3088



                              **************** Output from the Show Storage Statement ****************

Contents of storage library = BASELIB.IMLMCMC_S2_REP0

Matrices:
AGEC_14TO18                      AGEC_4TO8
AGEC_9TO13                       BETA10_MEAN
BETA10_STD                       BETA11_MEAN
BETA11_STD                       BETA12_MEAN
BETA12_STD                       BETA13_MEAN
BETA13_STD                       BETA14_MEAN
BETA14_STD                       BETA15_MEAN
BETA15_STD                       BETA16_MEAN
BETA16_STD                       BETA17_MEAN
BETA17_STD                       BETA18_MEAN
BETA18_STD                       BETA19_MEAN
BETA19_STD                       BETA1_MEAN
BETA1_STD                        BETA2_MEAN
BETA2_STD                        BETA3_MEAN
BETA3_STD                        BETA4_MEAN
BETA4_STD                        BETA5_MEAN
BETA5_STD                        BETA6_MEAN
BETA6_STD                        BETA7_MEAN
BETA7_STD                        BETA8_MEAN
BETA8_STD                        BETA9_MEAN
BETA9_STD                        CONSTANT1
MINAMOUNT                        NUM_DAILY_DIET_COMP
NUM_EPIS_DIET_COMP               NUM_ROWS_COVMAT
R24_WEEKEND                      SEQ2
SIGMAE_MEAN                      SIGMAE_STD
SIGMAU_MEAN                      SIGMAU_STD
TRAN_CENTER                      TRAN_LAMBDA
TRAN_PARAMINDEX                  TRAN_SCALE
WEIGHT_NW_SUMW

Modules:

                                                                                             Wednesday, May 25, 2022 09:41:08 AM  27

                                   **************** Stored Values and Dimensions ****************


                                       NUM_EPIS_DIET_COMP NUM_DAILY_DIET_COMP NUM_ROWS_COVMAT

                                                        4                  11              19


                                                       Number of Individuals

                                                                        3088


                                       Macro Parameter:  set_number_monte_carlo_rand_obs  100

