           Pearson correlation among HEFI-2019 component scores in teenagers and children from the CCHS 2015 - Nutrition           1
                                                                                                 Wednesday, May 25, 2022 01:12:02 PM

                                                         The CORR Procedure

  10        Variables:    HEFI2019C1_VF         HEFI2019C2_WHOLEGR    HEFI2019C3_GRRATIO    HEFI2019C4_PROFOODS                     
                          HEFI2019C5_PLANTPRO   HEFI2019C6_BEVERAGES  HEFI2019C7_FATTYACID  HEFI2019C8_SFAT                         
                          HEFI2019C9_FREESUGARS HEFI2019C10_SODIUM                                                                  
     Weight Variable:     weight_nw_sumw_div                                                                                        


                                                         Simple Statistics
 
 Variable                      N        Mean     Std Dev         Sum     Minimum     Maximum  Label

 HEFI2019C1_VF            619500     8.35453     0.28619       51756     0.40058    20.00000  HEFI2019 C1 Vegetables and fruits    
 HEFI2019C2_WHOLEGR       619500     1.27938     0.06498        7926     0.00129     5.00000  HEFI2019 C2 Whole-grain foods        
 HEFI2019C3_GRRATIO       619500     1.28344     0.06180        7951     0.00110     4.37277  HEFI2019 C3 Grain foods ratio        
 HEFI2019C4_PROFOODS      619500     4.64118     0.05665       28752     1.24182     5.00000  HEFI2019 C4 Protein foods            
 HEFI2019C5_PLANTPRO      619500     1.03720     0.07330        6425   0.0006298     5.00000  HEFI2019 C5 Plant-based protein foods
 HEFI2019C6_BEVERAGES     619500     7.23175     0.17080       44801     0.29853     9.99999  HEFI2019 C6 Beverages                
 HEFI2019C7_FATTYACID     619500     1.57175     0.09225        9737           0     5.00000  HEFI2019 C7 Fatty acids ratio        
 HEFI2019C8_SFAT          619500     3.43088     0.14514       21254           0     5.00000  HEFI2019 C8 Saturated fats           
 HEFI2019C9_FREESUGARS    619500     5.27579     0.36189       32683           0    10.00000  HEFI2019 C9 Free sugars              
 HEFI2019C10_SODIUM       619500     5.35641     0.18295       33183           0    10.00000  HEFI2019 C10 Sodium                  


                                                     Cronbach Coefficient Alpha
 
                                                    Variables              Alpha
                                                    ƒƒƒƒƒƒƒƒƒƒƒƒƒƒƒƒƒƒƒƒƒƒƒƒƒƒƒƒ
                                                    Raw                 0.538560
                                                    Standardized        0.628190


                                          Cronbach Coefficient Alpha with Deleted Variable
 
                                    Raw Variables              Standardized Variables
 
   Deleted                   Correlation                     Correlation
   Variable                   with Total           Alpha      with Total           Alpha    Label
   ƒƒƒƒƒƒƒƒƒƒƒƒƒƒƒƒƒƒƒƒƒƒƒƒƒƒƒƒƒƒƒƒƒƒƒƒƒƒƒƒƒƒƒƒƒƒƒƒƒƒƒƒƒƒƒƒƒƒƒƒƒƒƒƒƒƒƒƒƒƒƒƒƒƒƒƒƒƒƒƒƒƒƒƒƒƒƒƒƒƒƒƒƒƒƒƒƒƒƒƒƒƒƒƒƒƒƒƒƒƒƒƒƒƒƒƒƒƒƒƒƒƒƒƒƒƒ
   HEFI2019C1_VF                0.414351        0.439616        0.387293        0.582453    HEFI2019 C1 Vegetables and fruits    
   HEFI2019C2_WHOLEGR           0.395480        0.510164        0.533700        0.547683    HEFI2019 C2 Whole-grain foods        
   HEFI2019C3_GRRATIO           0.468596        0.504686        0.581963        0.535766    HEFI2019 C3 Grain foods ratio        
   HEFI2019C4_PROFOODS          0.102725        0.539527        0.036573        0.657714    HEFI2019 C4 Protein foods            
   HEFI2019C5_PLANTPRO          0.229630        0.524890        0.306358        0.600804    HEFI2019 C5 Plant-based protein foods
   HEFI2019C6_BEVERAGES         0.547881        0.420613        0.408384        0.577570    HEFI2019 C6 Beverages                
   HEFI2019C7_FATTYACID         0.100388        0.539163        0.114938        0.641841    HEFI2019 C7 Fatty acids ratio        
   HEFI2019C8_SFAT              0.123681        0.537811        0.230250        0.617512    HEFI2019 C8 Saturated fats           
   HEFI2019C9_FREESUGARS        0.358750        0.496808        0.328411        0.595864    HEFI2019 C9 Free sugars              
   HEFI2019C10_SODIUM           0.061151        0.559972        0.092047        0.646532    HEFI2019 C10 Sodium                  
           Pearson correlation among HEFI-2019 component scores in teenagers and children from the CCHS 2015 - Nutrition           2
                                                                                                 Wednesday, May 25, 2022 01:12:02 PM

                                                         The CORR Procedure

                                           Pearson Correlation Coefficients, N = 619500 
                                                     Prob > |r| under H0: Rho=0
 
                                                HEFI2019C1_      HEFI2019C2_      HEFI2019C3_      HEFI2019C4_      HEFI2019C5_
                                                         VF          WHOLEGR          GRRATIO         PROFOODS         PLANTPRO

     HEFI2019C1_VF                                  1.00000          0.22352          0.38664         -0.09311          0.22982
     HEFI2019 C1 Vegetables and fruits                                <.0001           <.0001           <.0001           <.0001

     HEFI2019C2_WHOLEGR                             0.22352          1.00000          0.87510          0.03119          0.29499
     HEFI2019 C2 Whole-grain foods                   <.0001                            <.0001           <.0001           <.0001

     HEFI2019C3_GRRATIO                             0.38664          0.87510          1.00000          0.05742          0.28856
     HEFI2019 C3 Grain foods ratio                   <.0001           <.0001                            <.0001           <.0001

     HEFI2019C4_PROFOODS                           -0.09311          0.03119          0.05742          1.00000         -0.04862
     HEFI2019 C4 Protein foods                       <.0001           <.0001           <.0001                            <.0001

     HEFI2019C5_PLANTPRO                            0.22982          0.29499          0.28856         -0.04862          1.00000
     HEFI2019 C5 Plant-based protein foods           <.0001           <.0001           <.0001           <.0001                 

     HEFI2019C6_BEVERAGES                           0.30632          0.26815          0.33378          0.20383          0.10004
     HEFI2019 C6 Beverages                           <.0001           <.0001           <.0001           <.0001           <.0001

     HEFI2019C7_FATTYACID                          -0.01397          0.04873          0.00057         -0.13560          0.17213
     HEFI2019 C7 Fatty acids ratio                   <.0001           <.0001           0.6552           <.0001           <.0001

     HEFI2019C8_SFAT                                0.12606          0.23347          0.15204         -0.16442          0.18107
     HEFI2019 C8 Saturated fats                      <.0001           <.0001           <.0001           <.0001           <.0001

     HEFI2019C9_FREESUGARS                          0.26680          0.15793          0.14821          0.26877         -0.03311
     HEFI2019 C9 Free sugars                         <.0001           <.0001           <.0001           <.0001           <.0001

     HEFI2019C10_SODIUM                             0.24099          0.10198          0.17008          0.05078          0.16153
     HEFI2019 C10 Sodium                             <.0001           <.0001           <.0001           <.0001           <.0001

                                           Pearson Correlation Coefficients, N = 619500 
                                                    Prob > |r| under H0: Rho=0
 
                                               HEFI2019C6_      HEFI2019C7_      HEFI2019C8_      HEFI2019C9_      HEFI2019C10_
                                                 BEVERAGES        FATTYACID             SFAT       FREESUGARS            SODIUM

    HEFI2019C1_VF                                  0.30632         -0.01397          0.12606          0.26680           0.24099
    HEFI2019 C1 Vegetables and fruits               <.0001           <.0001           <.0001           <.0001            <.0001

    HEFI2019C2_WHOLEGR                             0.26815          0.04873          0.23347          0.15793           0.10198
    HEFI2019 C2 Whole-grain foods                   <.0001           <.0001           <.0001           <.0001            <.0001

    HEFI2019C3_GRRATIO                             0.33378          0.00057          0.15204          0.14821           0.17008
    HEFI2019 C3 Grain foods ratio                   <.0001           0.6552           <.0001           <.0001            <.0001

    HEFI2019C4_PROFOODS                            0.20383         -0.13560         -0.16442          0.26877           0.05078
    HEFI2019 C4 Protein foods                       <.0001           <.0001           <.0001           <.0001            <.0001
           Pearson correlation among HEFI-2019 component scores in teenagers and children from the CCHS 2015 - Nutrition           3
                                                                                                 Wednesday, May 25, 2022 01:12:02 PM

                                                         The CORR Procedure

                                           Pearson Correlation Coefficients, N = 619500 
                                                    Prob > |r| under H0: Rho=0
 
                                               HEFI2019C6_      HEFI2019C7_      HEFI2019C8_      HEFI2019C9_      HEFI2019C10_
                                                 BEVERAGES        FATTYACID             SFAT       FREESUGARS            SODIUM

    HEFI2019C5_PLANTPRO                            0.10004          0.17213          0.18107         -0.03311           0.16153
    HEFI2019 C5 Plant-based protein foods           <.0001           <.0001           <.0001           <.0001            <.0001

    HEFI2019C6_BEVERAGES                           1.00000         -0.00066         -0.13107          0.70037          -0.02444
    HEFI2019 C6 Beverages                                            0.6050           <.0001           <.0001            <.0001

    HEFI2019C7_FATTYACID                          -0.00066          1.00000          0.61405          0.07718          -0.23627
    HEFI2019 C7 Fatty acids ratio                   0.6050                            <.0001           <.0001            <.0001

    HEFI2019C8_SFAT                               -0.13107          0.61405          1.00000         -0.04554           0.06279
    HEFI2019 C8 Saturated fats                      <.0001           <.0001                            <.0001            <.0001

    HEFI2019C9_FREESUGARS                          0.70037          0.07718         -0.04554          1.00000          -0.10402
    HEFI2019 C9 Free sugars                         <.0001           <.0001           <.0001                             <.0001

    HEFI2019C10_SODIUM                            -0.02444         -0.23627          0.06279         -0.10402           1.00000
    HEFI2019 C10 Sodium                             <.0001           <.0001           <.0001           <.0001                  
  Pearson correlation between the total HEFI-2019 score and energy intake in teenagers and children from the CCHS 2015 - Nutrition 4
                                                                                                 Wednesday, May 25, 2022 01:12:02 PM

                                                         The CORR Procedure

                                             1 With   Variables:    energy               
                                             1        Variables:    HEFI2019_TOTAL_SCORE 
                                               Weight Variable:     weight_nw_sumw_div   


                                                         Simple Statistics
 
 Variable                     N        Mean     Std Dev         Sum     Minimum     Maximum  Label

 energy                  619500        1837    46.72561    11380572   515.75521        5133                                       
 HEFI2019_TOTAL_SCORE    619500    39.46231     0.79015      244469     9.88913    69.02828  Total Healthy Eating Food Index (/80)


                                           Pearson Correlation Coefficients, N = 619500 
                                                    Prob > |r| under H0: Rho=0
 
                                                                   HEFI2019_
                                                                      TOTAL_
                                                                       SCORE

                                                       energy       -0.13651
                                                                      <.0001
       Distribution of total HEFI-2019 score based on usual intakes in teenagers and children from the CCHS 2015 - Nutrition       5
                                                                                                 Wednesday, May 25, 2022 01:12:04 PM

                                            Std
             replicate    group    Mean     Dev    Pctile1    Pctile25    Pctile50    Pctile75    Pctile95    Pctile99

                 0         all     39.5     7.9     21.6        33.9        39.6        45.1        52.2        56.6  
       Distribution of total HEFI-2019 score based on usual intakes in teenagers and children from the CCHS 2015 - Nutrition       6
                                                                                                 Wednesday, May 25, 2022 01:12:13 PM

                                                     Std
     replicate    drig                      Mean     Dev    Pctile1    Pctile25    Pctile50    Pctile75    Pctile95    Pctile99

         0        2 TO 3 YEARS              42.7    7.81       24        37.3          43        48.3        54.9        59.2  
         0        4 TO 8 YEARS              39.5    7.84       22          34        39.6        45.1        52.2        56.4  
         0        MALE, 9 TO 13 YEARS       38.1     8.1     19.8        32.3        38.3          44        51.1        55.2  
         0        FEMALE, 9 TO 13 YEARS       38    7.45     21.6        32.7        37.9        43.3        50.3        54.3  
         0        MALE, 14 TO 18 YEARS      38.6    7.87       21          33        38.8        44.3        51.1        55.1  
         0        FEMALE, 14 TO 18 YEARS    40.3    7.46       23        35.2        40.5        45.6        52.3        56.5  
     Distribution of HEFI-2019 component scores based on usual intakes in teenagers and children from the CCHS 2015 - Nutrition    7
                                                                                                 Wednesday, May 25, 2022 01:12:21 PM

                                                       Std
  replicate    id    varname                  Mean     Dev    Pctile1    Pctile25    Pctile50    Pctile75    Pctile95    Pctile99

      0         1    HEFI2019C1_VF            8.35    2.86     2.79        6.28        8.14        10.2        13.4        15.8  
      0         2    HEFI2019C2_WHOLEGR       1.28    0.65     0.14         0.8        1.22        1.69        2.44        3.05  
      0         3    HEFI2019C3_GRRATIO       1.28    0.62     0.14        0.82        1.24         1.7        2.37        2.83  
      0         4    HEFI2019C4_PROFOODS      4.64    0.57     2.78         4.4           5           5           5           5  
      0         5    HEFI2019C5_PLANTPRO      1.04    0.73     0.06        0.48        0.88        1.44        2.46        3.31  
      0         6    HEFI2019C6_BEVERAGES     7.23    1.71     2.76        6.11        7.44        8.58        9.63        9.91  
      0         7    HEFI2019C7_FATTYACID     1.57    0.92        0        0.91        1.49        2.14        3.22        4.15  
      0         8    HEFI2019C8_SFAT          3.43    1.45        0        2.47        3.71        4.84           5           5  
      0         9    HEFI2019C9_FREESUGARS    5.28    3.62        0        1.89        5.56        8.74          10          10  
      0        10    HEFI2019C10_SODIUM       5.36    1.83     0.52        4.19        5.46        6.64        8.18        9.19  
